#-----------------------------------------------------------
# Vivado v2019.1 (64-bit)
# SW Build 2552052 on Fri May 24 14:49:42 MDT 2019
# IP Build 2548770 on Fri May 24 18:01:18 MDT 2019
# Start of session at: Sun Jan 19 10:57:50 2020
# Process ID: 3720
# Current directory: C:/EOS_JV/Project1
# Command line: vivado.exe -gui_launcher_event rodinguilauncherevent13472 C:\EOS_JV\Project1\Project1.xpr
# Log file: C:/EOS_JV/Project1/vivado.log
# Journal file: C:/EOS_JV/Project1\vivado.jou
#-----------------------------------------------------------
start_gui
open_project C:/EOS_JV/Project1/Project1.xpr
Scanning sources...
Finished scanning sources
INFO: [IP_Flow 19-234] Refreshing IP repositories
INFO: [IP_Flow 19-1704] No user IP repositories specified
INFO: [IP_Flow 19-2313] Loaded Vivado IP repository 'C:/Xilinx/Vivado/2019.1/data/ip'.
open_project: Time (s): cpu = 00:00:29 ; elapsed = 00:00:21 . Memory (MB): peak = 857.750 ; gain = 250.559
update_compile_order -fileset sources_1
launch_sdk -workspace C:/EOS_JV/Project1/Project1.sdk -hwspec C:/EOS_JV/Project1/Project1.sdk/design_1_wrapper.hdf
INFO: [Vivado 12-393] Launching SDK...
INFO: [Vivado 12-417] Running xsdk -workspace C:/EOS_JV/Project1/Project1.sdk -hwspec C:/EOS_JV/Project1/Project1.sdk/design_1_wrapper.hdf
INFO: [Vivado 12-3157] SDK launch initiated. Please check console for any further messages.
exit
INFO: [Common 17-206] Exiting Vivado at Sun Jan 19 11:48:19 2020...
