17:51:56 INFO  : Registering command handlers for SDK TCF services
17:51:58 INFO  : Launching XSCT server: xsct.bat -interactive C:\EOS_JV\Project4\Project4.sdk\temp_xsdb_launch_script.tcl
17:52:02 INFO  : XSCT server has started successfully.
17:52:02 INFO  : Successfully done setting XSCT server connection channel  
17:52:02 INFO  : Processing command line option -hwspec C:/EOS_JV/Project4/Project4.sdk/design_1_wrapper.hdf.
17:52:03 INFO  : Successfully done setting SDK workspace  
17:54:27 ERROR : Failed to closesw "C:/EOS_JV/Project4/Project4.sdk/ExampleC_bsp/system.mss"
Reason: Cannot close sw design 'C:/EOS_JV/Project4/Project4.sdk/ExampleC_bsp/system.mss'.
Design is not opened in the current session.


17:58:39 INFO  : Connected to target on host '127.0.0.1' and port '3121'.
17:58:40 INFO  : 'targets -set -filter {jtag_cable_name =~ "Avnet MiniZed V1 1234-oj1A" && level==0} -index 1' command is executed.
17:58:41 INFO  : FPGA configured successfully with bitstream "C:/EOS_JV/Project4/Project4.sdk/design_1_wrapper_hw_platform_0/design_1_wrapper.bit"
17:59:34 INFO  : 'targets -set -filter {jtag_cable_name =~ "Avnet MiniZed V1 1234-oj1A" && level==0} -index 1' command is executed.
17:59:34 INFO  : 'fpga -state' command is executed.
17:59:34 INFO  : Connected to target on host '127.0.0.1' and port '3121'.
17:59:35 INFO  : Jtag cable 'Avnet MiniZed V1 1234-oj1A' is selected.
17:59:35 INFO  : 'jtag frequency' command is executed.
17:59:35 INFO  : Sourcing of 'C:/EOS_JV/Project4/Project4.sdk/design_1_wrapper_hw_platform_0/ps7_init.tcl' is done.
17:59:35 INFO  : Context for 'APU' is selected.
17:59:35 INFO  : Hardware design information is loaded from 'C:/EOS_JV/Project4/Project4.sdk/design_1_wrapper_hw_platform_0/system.hdf'.
17:59:35 INFO  : 'configparams force-mem-access 1' command is executed.
17:59:35 INFO  : Context for 'APU' is selected.
17:59:35 INFO  : 'stop' command is executed.
17:59:35 INFO  : 'ps7_init' command is executed.
17:59:35 INFO  : 'ps7_post_config' command is executed.
17:59:35 INFO  : Context for processor 'ps7_cortexa9_0' is selected.
17:59:35 INFO  : Processor reset is completed for 'ps7_cortexa9_0'.
17:59:35 INFO  : Context for processor 'ps7_cortexa9_0' is selected.
17:59:36 INFO  : The application 'C:/EOS_JV/Project4/Project4.sdk/ExampleC/Debug/ExampleC.elf' is downloaded to processor 'ps7_cortexa9_0'.
17:59:36 INFO  : 'configparams force-mem-access 0' command is executed.
17:59:36 INFO  : ----------------XSDB Script----------------
connect -url tcp:127.0.0.1:3121
source C:/EOS_JV/Project4/Project4.sdk/design_1_wrapper_hw_platform_0/ps7_init.tcl
targets -set -nocase -filter {name =~"APU*" && jtag_cable_name =~ "Avnet MiniZed V1 1234-oj1A"} -index 0
loadhw -hw C:/EOS_JV/Project4/Project4.sdk/design_1_wrapper_hw_platform_0/system.hdf -mem-ranges [list {0x40000000 0xbfffffff}]
configparams force-mem-access 1
targets -set -nocase -filter {name =~"APU*" && jtag_cable_name =~ "Avnet MiniZed V1 1234-oj1A"} -index 0
stop
ps7_init
ps7_post_config
targets -set -nocase -filter {name =~ "ARM*#0" && jtag_cable_name =~ "Avnet MiniZed V1 1234-oj1A"} -index 0
rst -processor
targets -set -nocase -filter {name =~ "ARM*#0" && jtag_cable_name =~ "Avnet MiniZed V1 1234-oj1A"} -index 0
dow C:/EOS_JV/Project4/Project4.sdk/ExampleC/Debug/ExampleC.elf
configparams force-mem-access 0
----------------End of Script----------------

17:59:36 INFO  : Memory regions updated for context APU
17:59:36 INFO  : Context for processor 'ps7_cortexa9_0' is selected.
17:59:36 INFO  : 'con' command is executed.
17:59:36 INFO  : ----------------XSDB Script (After Launch)----------------
targets -set -nocase -filter {name =~ "ARM*#0" && jtag_cable_name =~ "Avnet MiniZed V1 1234-oj1A"} -index 0
con
----------------End of Script----------------

17:59:36 INFO  : Launch script is exported to file 'C:\EOS_JV\Project4\Project4.sdk\.sdk\launch_scripts\xilinx_c-c++_application_(system_debugger)\system_debugger_using_debug_examplec.elf_on_local.tcl'
18:00:47 INFO  : Disconnected from the channel tcfchan#1.
18:00:48 INFO  : 'targets -set -filter {jtag_cable_name =~ "Avnet MiniZed V1 1234-oj1A" && level==0} -index 1' command is executed.
18:00:48 INFO  : 'fpga -state' command is executed.
18:00:48 INFO  : Connected to target on host '127.0.0.1' and port '3121'.
18:00:49 INFO  : Jtag cable 'Avnet MiniZed V1 1234-oj1A' is selected.
18:00:49 INFO  : 'jtag frequency' command is executed.
18:00:49 INFO  : Sourcing of 'C:/EOS_JV/Project4/Project4.sdk/design_1_wrapper_hw_platform_0/ps7_init.tcl' is done.
18:00:49 INFO  : Context for 'APU' is selected.
18:00:52 INFO  : Hardware design information is loaded from 'C:/EOS_JV/Project4/Project4.sdk/design_1_wrapper_hw_platform_0/system.hdf'.
18:00:52 INFO  : 'configparams force-mem-access 1' command is executed.
18:00:52 INFO  : Context for 'APU' is selected.
18:00:52 INFO  : 'stop' command is executed.
18:00:52 INFO  : 'ps7_init' command is executed.
18:00:52 INFO  : 'ps7_post_config' command is executed.
18:00:52 INFO  : Context for processor 'ps7_cortexa9_0' is selected.
18:00:52 INFO  : Processor reset is completed for 'ps7_cortexa9_0'.
18:00:52 INFO  : Context for processor 'ps7_cortexa9_0' is selected.
18:00:52 INFO  : The application 'C:/EOS_JV/Project4/Project4.sdk/ExampleC/Debug/ExampleC.elf' is downloaded to processor 'ps7_cortexa9_0'.
18:00:52 INFO  : 'configparams force-mem-access 0' command is executed.
18:00:52 INFO  : ----------------XSDB Script----------------
connect -url tcp:127.0.0.1:3121
source C:/EOS_JV/Project4/Project4.sdk/design_1_wrapper_hw_platform_0/ps7_init.tcl
targets -set -nocase -filter {name =~"APU*" && jtag_cable_name =~ "Avnet MiniZed V1 1234-oj1A"} -index 0
loadhw -hw C:/EOS_JV/Project4/Project4.sdk/design_1_wrapper_hw_platform_0/system.hdf -mem-ranges [list {0x40000000 0xbfffffff}]
configparams force-mem-access 1
targets -set -nocase -filter {name =~"APU*" && jtag_cable_name =~ "Avnet MiniZed V1 1234-oj1A"} -index 0
stop
ps7_init
ps7_post_config
targets -set -nocase -filter {name =~ "ARM*#0" && jtag_cable_name =~ "Avnet MiniZed V1 1234-oj1A"} -index 0
rst -processor
targets -set -nocase -filter {name =~ "ARM*#0" && jtag_cable_name =~ "Avnet MiniZed V1 1234-oj1A"} -index 0
dow C:/EOS_JV/Project4/Project4.sdk/ExampleC/Debug/ExampleC.elf
configparams force-mem-access 0
----------------End of Script----------------

18:00:52 INFO  : Memory regions updated for context APU
18:00:53 INFO  : Context for processor 'ps7_cortexa9_0' is selected.
18:00:53 INFO  : 'con' command is executed.
18:00:53 INFO  : ----------------XSDB Script (After Launch)----------------
targets -set -nocase -filter {name =~ "ARM*#0" && jtag_cable_name =~ "Avnet MiniZed V1 1234-oj1A"} -index 0
con
----------------End of Script----------------

18:00:53 INFO  : Launch script is exported to file 'C:\EOS_JV\Project4\Project4.sdk\.sdk\launch_scripts\xilinx_c-c++_application_(system_debugger)\system_debugger_using_debug_examplec.elf_on_local.tcl'
18:01:45 INFO  : No changes in MSS file content so not generating sources.
18:02:49 INFO  : Connected to target on host '127.0.0.1' and port '3121'.
18:02:49 INFO  : 'targets -set -filter {jtag_cable_name =~ "Avnet MiniZed V1 1234-oj1A" && level==0} -index 1' command is executed.
18:02:50 INFO  : FPGA configured successfully with bitstream "C:/EOS_JV/Project4/Project4.sdk/design_1_wrapper_hw_platform_0/design_1_wrapper.bit"
18:05:32 INFO  : Disconnected from the channel tcfchan#2.
18:05:33 INFO  : 'targets -set -filter {jtag_cable_name =~ "Avnet MiniZed V1 1234-oj1A" && level==0} -index 1' command is executed.
18:05:33 INFO  : 'fpga -state' command is executed.
18:05:33 INFO  : Connected to target on host '127.0.0.1' and port '3121'.
18:05:33 INFO  : Jtag cable 'Avnet MiniZed V1 1234-oj1A' is selected.
18:05:33 INFO  : 'jtag frequency' command is executed.
18:05:33 INFO  : Sourcing of 'C:/EOS_JV/Project4/Project4.sdk/design_1_wrapper_hw_platform_0/ps7_init.tcl' is done.
18:05:33 INFO  : Context for 'APU' is selected.
18:05:36 INFO  : Hardware design information is loaded from 'C:/EOS_JV/Project4/Project4.sdk/design_1_wrapper_hw_platform_0/system.hdf'.
18:05:36 INFO  : 'configparams force-mem-access 1' command is executed.
18:05:36 INFO  : Context for 'APU' is selected.
18:05:36 INFO  : 'stop' command is executed.
18:05:36 INFO  : 'ps7_init' command is executed.
18:05:36 INFO  : 'ps7_post_config' command is executed.
18:05:36 INFO  : Context for processor 'ps7_cortexa9_0' is selected.
18:05:36 INFO  : Processor reset is completed for 'ps7_cortexa9_0'.
18:05:36 INFO  : Context for processor 'ps7_cortexa9_0' is selected.
18:05:36 INFO  : The application 'C:/EOS_JV/Project4/Project4.sdk/ExampleC/Debug/ExampleC.elf' is downloaded to processor 'ps7_cortexa9_0'.
18:05:36 INFO  : 'configparams force-mem-access 0' command is executed.
18:05:36 INFO  : ----------------XSDB Script----------------
connect -url tcp:127.0.0.1:3121
source C:/EOS_JV/Project4/Project4.sdk/design_1_wrapper_hw_platform_0/ps7_init.tcl
targets -set -nocase -filter {name =~"APU*" && jtag_cable_name =~ "Avnet MiniZed V1 1234-oj1A"} -index 0
loadhw -hw C:/EOS_JV/Project4/Project4.sdk/design_1_wrapper_hw_platform_0/system.hdf -mem-ranges [list {0x40000000 0xbfffffff}]
configparams force-mem-access 1
targets -set -nocase -filter {name =~"APU*" && jtag_cable_name =~ "Avnet MiniZed V1 1234-oj1A"} -index 0
stop
ps7_init
ps7_post_config
targets -set -nocase -filter {name =~ "ARM*#0" && jtag_cable_name =~ "Avnet MiniZed V1 1234-oj1A"} -index 0
rst -processor
targets -set -nocase -filter {name =~ "ARM*#0" && jtag_cable_name =~ "Avnet MiniZed V1 1234-oj1A"} -index 0
dow C:/EOS_JV/Project4/Project4.sdk/ExampleC/Debug/ExampleC.elf
configparams force-mem-access 0
----------------End of Script----------------

18:05:37 INFO  : Memory regions updated for context APU
18:05:37 INFO  : Context for processor 'ps7_cortexa9_0' is selected.
18:05:37 INFO  : 'con' command is executed.
18:05:37 INFO  : ----------------XSDB Script (After Launch)----------------
targets -set -nocase -filter {name =~ "ARM*#0" && jtag_cable_name =~ "Avnet MiniZed V1 1234-oj1A"} -index 0
con
----------------End of Script----------------

18:05:37 INFO  : Launch script is exported to file 'C:\EOS_JV\Project4\Project4.sdk\.sdk\launch_scripts\xilinx_c-c++_application_(system_debugger)\system_debugger_using_debug_examplec.elf_on_local.tcl'
18:06:39 INFO  : Disconnected from the channel tcfchan#3.
18:06:41 INFO  : 'targets -set -filter {jtag_cable_name =~ "Avnet MiniZed V1 1234-oj1A" && level==0} -index 1' command is executed.
18:06:41 INFO  : 'fpga -state' command is executed.
18:06:41 INFO  : Connected to target on host '127.0.0.1' and port '3121'.
18:06:41 INFO  : Jtag cable 'Avnet MiniZed V1 1234-oj1A' is selected.
18:06:41 INFO  : 'jtag frequency' command is executed.
18:06:41 INFO  : Sourcing of 'C:/EOS_JV/Project4/Project4.sdk/design_1_wrapper_hw_platform_0/ps7_init.tcl' is done.
18:06:41 INFO  : Context for 'APU' is selected.
18:06:43 INFO  : Hardware design information is loaded from 'C:/EOS_JV/Project4/Project4.sdk/design_1_wrapper_hw_platform_0/system.hdf'.
18:06:43 INFO  : 'configparams force-mem-access 1' command is executed.
18:06:43 INFO  : Context for 'APU' is selected.
18:06:44 INFO  : 'stop' command is executed.
18:06:44 INFO  : 'ps7_init' command is executed.
18:06:44 INFO  : 'ps7_post_config' command is executed.
18:06:44 INFO  : Context for processor 'ps7_cortexa9_0' is selected.
18:06:44 INFO  : Processor reset is completed for 'ps7_cortexa9_0'.
18:06:44 INFO  : Context for processor 'ps7_cortexa9_0' is selected.
18:06:44 INFO  : The application 'C:/EOS_JV/Project4/Project4.sdk/ExampleC/Debug/ExampleC.elf' is downloaded to processor 'ps7_cortexa9_0'.
18:06:44 INFO  : 'configparams force-mem-access 0' command is executed.
18:06:44 INFO  : ----------------XSDB Script----------------
connect -url tcp:127.0.0.1:3121
source C:/EOS_JV/Project4/Project4.sdk/design_1_wrapper_hw_platform_0/ps7_init.tcl
targets -set -nocase -filter {name =~"APU*" && jtag_cable_name =~ "Avnet MiniZed V1 1234-oj1A"} -index 0
loadhw -hw C:/EOS_JV/Project4/Project4.sdk/design_1_wrapper_hw_platform_0/system.hdf -mem-ranges [list {0x40000000 0xbfffffff}]
configparams force-mem-access 1
targets -set -nocase -filter {name =~"APU*" && jtag_cable_name =~ "Avnet MiniZed V1 1234-oj1A"} -index 0
stop
ps7_init
ps7_post_config
targets -set -nocase -filter {name =~ "ARM*#0" && jtag_cable_name =~ "Avnet MiniZed V1 1234-oj1A"} -index 0
rst -processor
targets -set -nocase -filter {name =~ "ARM*#0" && jtag_cable_name =~ "Avnet MiniZed V1 1234-oj1A"} -index 0
dow C:/EOS_JV/Project4/Project4.sdk/ExampleC/Debug/ExampleC.elf
configparams force-mem-access 0
----------------End of Script----------------

18:06:44 INFO  : Memory regions updated for context APU
18:06:44 INFO  : Context for processor 'ps7_cortexa9_0' is selected.
18:06:44 INFO  : 'con' command is executed.
18:06:44 INFO  : ----------------XSDB Script (After Launch)----------------
targets -set -nocase -filter {name =~ "ARM*#0" && jtag_cable_name =~ "Avnet MiniZed V1 1234-oj1A"} -index 0
con
----------------End of Script----------------

18:06:44 INFO  : Launch script is exported to file 'C:\EOS_JV\Project4\Project4.sdk\.sdk\launch_scripts\xilinx_c-c++_application_(system_debugger)\system_debugger_using_debug_examplec.elf_on_local.tcl'
18:07:50 INFO  : Disconnected from the channel tcfchan#4.
