16:18:47 INFO  : Registering command handlers for SDK TCF services
16:18:48 INFO  : Launching XSCT server: xsct.bat -interactive C:\EOS_JV\Project1\Project1.sdk\temp_xsdb_launch_script.tcl
16:18:53 INFO  : XSCT server has started successfully.
16:18:57 INFO  : Processing command line option -hwspec C:/EOS_JV/Project1/Project1.sdk/design_1_wrapper.hdf.
16:18:57 INFO  : Successfully done setting XSCT server connection channel  
16:18:57 INFO  : Successfully done setting SDK workspace  
16:26:25 INFO  : Refreshed build settings on project ExampleC
17:14:15 INFO  : Connected to target on host '127.0.0.1' and port '3121'.
17:14:16 INFO  : 'targets -set -filter {jtag_cable_name =~ "Avnet MiniZed V1 1234-oj1A" && level==0} -index 1' command is executed.
17:14:18 INFO  : FPGA configured successfully with bitstream "C:/EOS_JV/Project1/Project1.sdk/design_1_wrapper_hw_platform_0/design_1_wrapper.bit"
17:14:33 INFO  : 'targets -set -filter {jtag_cable_name =~ "Avnet MiniZed V1 1234-oj1A" && level==0} -index 1' command is executed.
17:14:34 INFO  : 'fpga -state' command is executed.
17:14:34 INFO  : Connected to target on host '127.0.0.1' and port '3121'.
17:14:34 INFO  : Jtag cable 'Avnet MiniZed V1 1234-oj1A' is selected.
17:14:34 INFO  : 'jtag frequency' command is executed.
17:14:34 INFO  : Sourcing of 'C:/EOS_JV/Project1/Project1.sdk/design_1_wrapper_hw_platform_0/ps7_init.tcl' is done.
17:14:34 INFO  : Context for 'APU' is selected.
17:14:34 INFO  : Hardware design information is loaded from 'C:/EOS_JV/Project1/Project1.sdk/design_1_wrapper_hw_platform_0/system.hdf'.
17:14:34 INFO  : 'configparams force-mem-access 1' command is executed.
17:14:34 INFO  : Context for 'APU' is selected.
17:14:34 INFO  : 'stop' command is executed.
17:14:35 INFO  : 'ps7_init' command is executed.
17:14:35 INFO  : 'ps7_post_config' command is executed.
17:14:35 INFO  : Context for processor 'ps7_cortexa9_0' is selected.
17:14:35 INFO  : Processor reset is completed for 'ps7_cortexa9_0'.
17:14:35 INFO  : Context for processor 'ps7_cortexa9_0' is selected.
17:14:35 INFO  : The application 'C:/EOS_JV/Project1/Project1.sdk/ExampleC/Debug/ExampleC.elf' is downloaded to processor 'ps7_cortexa9_0'.
17:14:35 INFO  : 'configparams force-mem-access 0' command is executed.
17:14:35 INFO  : ----------------XSDB Script----------------
connect -url tcp:127.0.0.1:3121
source C:/EOS_JV/Project1/Project1.sdk/design_1_wrapper_hw_platform_0/ps7_init.tcl
targets -set -nocase -filter {name =~"APU*" && jtag_cable_name =~ "Avnet MiniZed V1 1234-oj1A"} -index 0
loadhw -hw C:/EOS_JV/Project1/Project1.sdk/design_1_wrapper_hw_platform_0/system.hdf -mem-ranges [list {0x40000000 0xbfffffff}]
configparams force-mem-access 1
targets -set -nocase -filter {name =~"APU*" && jtag_cable_name =~ "Avnet MiniZed V1 1234-oj1A"} -index 0
stop
ps7_init
ps7_post_config
targets -set -nocase -filter {name =~ "ARM*#0" && jtag_cable_name =~ "Avnet MiniZed V1 1234-oj1A"} -index 0
rst -processor
targets -set -nocase -filter {name =~ "ARM*#0" && jtag_cable_name =~ "Avnet MiniZed V1 1234-oj1A"} -index 0
dow C:/EOS_JV/Project1/Project1.sdk/ExampleC/Debug/ExampleC.elf
configparams force-mem-access 0
----------------End of Script----------------

17:14:35 INFO  : Memory regions updated for context APU
17:14:35 INFO  : Context for processor 'ps7_cortexa9_0' is selected.
17:14:35 INFO  : 'con' command is executed.
17:14:35 INFO  : ----------------XSDB Script (After Launch)----------------
targets -set -nocase -filter {name =~ "ARM*#0" && jtag_cable_name =~ "Avnet MiniZed V1 1234-oj1A"} -index 0
con
----------------End of Script----------------

17:14:35 INFO  : Launch script is exported to file 'C:\EOS_JV\Project1\Project1.sdk\.sdk\launch_scripts\xilinx_c-c++_application_(system_debugger)\system_debugger_using_debug_examplec.elf_on_local.tcl'
17:16:07 INFO  : Disconnected from the channel tcfchan#1.
17:16:08 INFO  : 'targets -set -filter {jtag_cable_name =~ "Avnet MiniZed V1 1234-oj1A" && level==0} -index 1' command is executed.
17:16:08 INFO  : 'fpga -state' command is executed.
17:16:08 INFO  : Connected to target on host '127.0.0.1' and port '3121'.
17:16:09 INFO  : Jtag cable 'Avnet MiniZed V1 1234-oj1A' is selected.
17:16:09 INFO  : 'jtag frequency' command is executed.
17:16:09 INFO  : Sourcing of 'C:/EOS_JV/Project1/Project1.sdk/design_1_wrapper_hw_platform_0/ps7_init.tcl' is done.
17:16:09 INFO  : Context for 'APU' is selected.
17:16:12 INFO  : Hardware design information is loaded from 'C:/EOS_JV/Project1/Project1.sdk/design_1_wrapper_hw_platform_0/system.hdf'.
17:16:12 INFO  : 'configparams force-mem-access 1' command is executed.
17:16:12 INFO  : Context for 'APU' is selected.
17:16:12 INFO  : 'stop' command is executed.
17:16:12 INFO  : 'ps7_init' command is executed.
17:16:12 INFO  : 'ps7_post_config' command is executed.
17:16:12 INFO  : Context for processor 'ps7_cortexa9_0' is selected.
17:16:12 INFO  : Processor reset is completed for 'ps7_cortexa9_0'.
17:16:12 INFO  : Context for processor 'ps7_cortexa9_0' is selected.
17:16:12 INFO  : The application 'C:/EOS_JV/Project1/Project1.sdk/ExampleC/Debug/ExampleC.elf' is downloaded to processor 'ps7_cortexa9_0'.
17:16:12 INFO  : 'configparams force-mem-access 0' command is executed.
17:16:12 INFO  : ----------------XSDB Script----------------
connect -url tcp:127.0.0.1:3121
source C:/EOS_JV/Project1/Project1.sdk/design_1_wrapper_hw_platform_0/ps7_init.tcl
targets -set -nocase -filter {name =~"APU*" && jtag_cable_name =~ "Avnet MiniZed V1 1234-oj1A"} -index 0
loadhw -hw C:/EOS_JV/Project1/Project1.sdk/design_1_wrapper_hw_platform_0/system.hdf -mem-ranges [list {0x40000000 0xbfffffff}]
configparams force-mem-access 1
targets -set -nocase -filter {name =~"APU*" && jtag_cable_name =~ "Avnet MiniZed V1 1234-oj1A"} -index 0
stop
ps7_init
ps7_post_config
targets -set -nocase -filter {name =~ "ARM*#0" && jtag_cable_name =~ "Avnet MiniZed V1 1234-oj1A"} -index 0
rst -processor
targets -set -nocase -filter {name =~ "ARM*#0" && jtag_cable_name =~ "Avnet MiniZed V1 1234-oj1A"} -index 0
dow C:/EOS_JV/Project1/Project1.sdk/ExampleC/Debug/ExampleC.elf
configparams force-mem-access 0
----------------End of Script----------------

17:16:12 INFO  : Memory regions updated for context APU
17:16:13 INFO  : Context for processor 'ps7_cortexa9_0' is selected.
17:16:13 INFO  : 'con' command is executed.
17:16:13 INFO  : ----------------XSDB Script (After Launch)----------------
targets -set -nocase -filter {name =~ "ARM*#0" && jtag_cable_name =~ "Avnet MiniZed V1 1234-oj1A"} -index 0
con
----------------End of Script----------------

17:16:13 INFO  : Launch script is exported to file 'C:\EOS_JV\Project1\Project1.sdk\.sdk\launch_scripts\xilinx_c-c++_application_(system_debugger)\system_debugger_using_debug_examplec.elf_on_local.tcl'
17:17:23 INFO  : Disconnected from the channel tcfchan#2.
17:17:24 INFO  : 'targets -set -filter {jtag_cable_name =~ "Avnet MiniZed V1 1234-oj1A" && level==0} -index 1' command is executed.
17:17:24 INFO  : 'fpga -state' command is executed.
17:17:24 INFO  : Connected to target on host '127.0.0.1' and port '3121'.
17:17:24 INFO  : Jtag cable 'Avnet MiniZed V1 1234-oj1A' is selected.
17:17:24 INFO  : 'jtag frequency' command is executed.
17:17:24 INFO  : Sourcing of 'C:/EOS_JV/Project1/Project1.sdk/design_1_wrapper_hw_platform_0/ps7_init.tcl' is done.
17:17:24 INFO  : Context for 'APU' is selected.
17:17:27 INFO  : Hardware design information is loaded from 'C:/EOS_JV/Project1/Project1.sdk/design_1_wrapper_hw_platform_0/system.hdf'.
17:17:27 INFO  : 'configparams force-mem-access 1' command is executed.
17:17:27 INFO  : Context for 'APU' is selected.
17:17:27 INFO  : 'stop' command is executed.
17:17:27 INFO  : 'ps7_init' command is executed.
17:17:27 INFO  : 'ps7_post_config' command is executed.
17:17:27 INFO  : Context for processor 'ps7_cortexa9_0' is selected.
17:17:28 INFO  : Processor reset is completed for 'ps7_cortexa9_0'.
17:17:28 INFO  : Context for processor 'ps7_cortexa9_0' is selected.
17:17:28 INFO  : The application 'C:/EOS_JV/Project1/Project1.sdk/ExampleC/Debug/ExampleC.elf' is downloaded to processor 'ps7_cortexa9_0'.
17:17:28 INFO  : 'configparams force-mem-access 0' command is executed.
17:17:28 INFO  : ----------------XSDB Script----------------
connect -url tcp:127.0.0.1:3121
source C:/EOS_JV/Project1/Project1.sdk/design_1_wrapper_hw_platform_0/ps7_init.tcl
targets -set -nocase -filter {name =~"APU*" && jtag_cable_name =~ "Avnet MiniZed V1 1234-oj1A"} -index 0
loadhw -hw C:/EOS_JV/Project1/Project1.sdk/design_1_wrapper_hw_platform_0/system.hdf -mem-ranges [list {0x40000000 0xbfffffff}]
configparams force-mem-access 1
targets -set -nocase -filter {name =~"APU*" && jtag_cable_name =~ "Avnet MiniZed V1 1234-oj1A"} -index 0
stop
ps7_init
ps7_post_config
targets -set -nocase -filter {name =~ "ARM*#0" && jtag_cable_name =~ "Avnet MiniZed V1 1234-oj1A"} -index 0
rst -processor
targets -set -nocase -filter {name =~ "ARM*#0" && jtag_cable_name =~ "Avnet MiniZed V1 1234-oj1A"} -index 0
dow C:/EOS_JV/Project1/Project1.sdk/ExampleC/Debug/ExampleC.elf
configparams force-mem-access 0
----------------End of Script----------------

17:17:28 INFO  : Memory regions updated for context APU
17:17:28 INFO  : Context for processor 'ps7_cortexa9_0' is selected.
17:17:28 INFO  : 'con' command is executed.
17:17:28 INFO  : ----------------XSDB Script (After Launch)----------------
targets -set -nocase -filter {name =~ "ARM*#0" && jtag_cable_name =~ "Avnet MiniZed V1 1234-oj1A"} -index 0
con
----------------End of Script----------------

17:17:28 INFO  : Launch script is exported to file 'C:\EOS_JV\Project1\Project1.sdk\.sdk\launch_scripts\xilinx_c-c++_application_(system_debugger)\system_debugger_using_debug_examplec.elf_on_local.tcl'
17:18:25 INFO  : Disconnected from the channel tcfchan#3.
