11:48:46 INFO  : Registering command handlers for SDK TCF services
11:48:48 INFO  : Launching XSCT server: xsct.bat -interactive C:\EOS_JV\Project6\Project6.sdk\temp_xsdb_launch_script.tcl
11:48:52 INFO  : XSCT server has started successfully.
11:48:56 INFO  : Processing command line option -hwspec C:/EOS_JV/Project6/Project6.sdk/design_1_wrapper.hdf.
11:48:56 INFO  : Successfully done setting XSCT server connection channel  
11:48:56 INFO  : Successfully done setting SDK workspace  
11:53:28 INFO  : Refreshed build settings on project ExampleC
12:43:03 INFO  : Connected to target on host '127.0.0.1' and port '3121'.
12:43:04 INFO  : 'targets -set -filter {jtag_cable_name =~ "Avnet MiniZed V1 1234-oj1A" && level==0} -index 1' command is executed.
12:43:05 INFO  : FPGA configured successfully with bitstream "C:/EOS_JV/Project6/Project6.sdk/design_1_wrapper_hw_platform_0/design_1_wrapper.bit"
12:43:19 INFO  : 'targets -set -filter {jtag_cable_name =~ "Avnet MiniZed V1 1234-oj1A" && level==0} -index 1' command is executed.
12:43:19 INFO  : 'fpga -state' command is executed.
12:43:19 INFO  : Connected to target on host '127.0.0.1' and port '3121'.
12:43:19 INFO  : Jtag cable 'Avnet MiniZed V1 1234-oj1A' is selected.
12:43:19 INFO  : 'jtag frequency' command is executed.
12:43:19 INFO  : Sourcing of 'C:/EOS_JV/Project6/Project6.sdk/design_1_wrapper_hw_platform_0/ps7_init.tcl' is done.
12:43:19 INFO  : Context for 'APU' is selected.
12:43:19 INFO  : Hardware design information is loaded from 'C:/EOS_JV/Project6/Project6.sdk/design_1_wrapper_hw_platform_0/system.hdf'.
12:43:19 INFO  : 'configparams force-mem-access 1' command is executed.
12:43:19 INFO  : Context for 'APU' is selected.
12:43:19 INFO  : 'stop' command is executed.
12:43:20 INFO  : 'ps7_init' command is executed.
12:43:20 INFO  : 'ps7_post_config' command is executed.
12:43:20 INFO  : Context for processor 'ps7_cortexa9_0' is selected.
12:43:20 INFO  : Processor reset is completed for 'ps7_cortexa9_0'.
12:43:20 INFO  : Context for processor 'ps7_cortexa9_0' is selected.
12:43:20 INFO  : The application 'C:/EOS_JV/Project6/Project6.sdk/ExampleC/Debug/ExampleC.elf' is downloaded to processor 'ps7_cortexa9_0'.
12:43:20 INFO  : 'configparams force-mem-access 0' command is executed.
12:43:20 INFO  : ----------------XSDB Script----------------
connect -url tcp:127.0.0.1:3121
source C:/EOS_JV/Project6/Project6.sdk/design_1_wrapper_hw_platform_0/ps7_init.tcl
targets -set -nocase -filter {name =~"APU*" && jtag_cable_name =~ "Avnet MiniZed V1 1234-oj1A"} -index 0
loadhw -hw C:/EOS_JV/Project6/Project6.sdk/design_1_wrapper_hw_platform_0/system.hdf -mem-ranges [list {0x40000000 0xbfffffff}]
configparams force-mem-access 1
targets -set -nocase -filter {name =~"APU*" && jtag_cable_name =~ "Avnet MiniZed V1 1234-oj1A"} -index 0
stop
ps7_init
ps7_post_config
targets -set -nocase -filter {name =~ "ARM*#0" && jtag_cable_name =~ "Avnet MiniZed V1 1234-oj1A"} -index 0
rst -processor
targets -set -nocase -filter {name =~ "ARM*#0" && jtag_cable_name =~ "Avnet MiniZed V1 1234-oj1A"} -index 0
dow C:/EOS_JV/Project6/Project6.sdk/ExampleC/Debug/ExampleC.elf
configparams force-mem-access 0
----------------End of Script----------------

12:43:20 INFO  : Memory regions updated for context APU
12:43:20 INFO  : Context for processor 'ps7_cortexa9_0' is selected.
12:43:20 INFO  : 'con' command is executed.
12:43:20 INFO  : ----------------XSDB Script (After Launch)----------------
targets -set -nocase -filter {name =~ "ARM*#0" && jtag_cable_name =~ "Avnet MiniZed V1 1234-oj1A"} -index 0
con
----------------End of Script----------------

12:43:20 INFO  : Launch script is exported to file 'C:\EOS_JV\Project6\Project6.sdk\.sdk\launch_scripts\xilinx_c-c++_application_(system_debugger)\system_debugger_using_debug_examplec.elf_on_local.tcl'
12:46:02 INFO  : Refreshed build settings on project ExampleFreertos
12:49:05 INFO  : Disconnected from the channel tcfchan#1.
12:49:06 INFO  : 'targets -set -filter {jtag_cable_name =~ "Avnet MiniZed V1 1234-oj1A" && level==0} -index 1' command is executed.
12:49:06 INFO  : 'fpga -state' command is executed.
12:49:06 INFO  : Connected to target on host '127.0.0.1' and port '3121'.
12:49:07 INFO  : Jtag cable 'Avnet MiniZed V1 1234-oj1A' is selected.
12:49:07 INFO  : 'jtag frequency' command is executed.
12:49:07 INFO  : Sourcing of 'C:/EOS_JV/Project6/Project6.sdk/design_1_wrapper_hw_platform_0/ps7_init.tcl' is done.
12:49:07 INFO  : Context for 'APU' is selected.
12:49:09 INFO  : Hardware design information is loaded from 'C:/EOS_JV/Project6/Project6.sdk/design_1_wrapper_hw_platform_0/system.hdf'.
12:49:10 INFO  : 'configparams force-mem-access 1' command is executed.
12:49:10 INFO  : Context for 'APU' is selected.
12:49:10 INFO  : 'stop' command is executed.
12:49:10 INFO  : 'ps7_init' command is executed.
12:49:10 INFO  : 'ps7_post_config' command is executed.
12:49:10 INFO  : Context for processor 'ps7_cortexa9_0' is selected.
12:49:10 INFO  : Processor reset is completed for 'ps7_cortexa9_0'.
12:49:10 INFO  : Context for processor 'ps7_cortexa9_0' is selected.
12:49:10 INFO  : The application 'C:/EOS_JV/Project6/Project6.sdk/ExampleFreertos/Debug/ExampleFreertos.elf' is downloaded to processor 'ps7_cortexa9_0'.
12:49:10 INFO  : 'configparams force-mem-access 0' command is executed.
12:49:10 INFO  : ----------------XSDB Script----------------
connect -url tcp:127.0.0.1:3121
source C:/EOS_JV/Project6/Project6.sdk/design_1_wrapper_hw_platform_0/ps7_init.tcl
targets -set -nocase -filter {name =~"APU*" && jtag_cable_name =~ "Avnet MiniZed V1 1234-oj1A"} -index 0
loadhw -hw C:/EOS_JV/Project6/Project6.sdk/design_1_wrapper_hw_platform_0/system.hdf -mem-ranges [list {0x40000000 0xbfffffff}]
configparams force-mem-access 1
targets -set -nocase -filter {name =~"APU*" && jtag_cable_name =~ "Avnet MiniZed V1 1234-oj1A"} -index 0
stop
ps7_init
ps7_post_config
targets -set -nocase -filter {name =~ "ARM*#0" && jtag_cable_name =~ "Avnet MiniZed V1 1234-oj1A"} -index 0
rst -processor
targets -set -nocase -filter {name =~ "ARM*#0" && jtag_cable_name =~ "Avnet MiniZed V1 1234-oj1A"} -index 0
dow C:/EOS_JV/Project6/Project6.sdk/ExampleFreertos/Debug/ExampleFreertos.elf
configparams force-mem-access 0
----------------End of Script----------------

12:49:10 INFO  : Memory regions updated for context APU
12:49:11 INFO  : Context for processor 'ps7_cortexa9_0' is selected.
12:49:11 INFO  : 'con' command is executed.
12:49:11 INFO  : ----------------XSDB Script (After Launch)----------------
targets -set -nocase -filter {name =~ "ARM*#0" && jtag_cable_name =~ "Avnet MiniZed V1 1234-oj1A"} -index 0
con
----------------End of Script----------------

12:49:11 INFO  : Launch script is exported to file 'C:\EOS_JV\Project6\Project6.sdk\.sdk\launch_scripts\xilinx_c-c++_application_(system_debugger)\system_debugger_using_debug_examplefreertos.elf_on_local.tcl'
12:50:05 INFO  : Disconnected from the channel tcfchan#2.
