11:18:12 INFO  : Registering command handlers for SDK TCF services
11:18:14 INFO  : Launching XSCT server: xsct.bat -interactive C:\EOS_JV\Project7\Project7.sdk\temp_xsdb_launch_script.tcl
11:18:18 INFO  : XSCT server has started successfully.
11:18:22 INFO  : Processing command line option -hwspec C:/EOS_JV/Project7/Project7.sdk/design_1_wrapper.hdf.
11:18:22 INFO  : Successfully done setting XSCT server connection channel  
11:18:22 INFO  : Successfully done setting SDK workspace  
11:23:46 INFO  : Refreshed build settings on project ExampleC
11:34:35 INFO  : Connected to target on host '127.0.0.1' and port '3121'.
11:34:37 INFO  : 'targets -set -filter {jtag_cable_name =~ "Avnet MiniZed V1 1234-oj1A" && level==0} -index 1' command is executed.
11:34:38 INFO  : FPGA configured successfully with bitstream "C:/EOS_JV/Project7/Project7.sdk/design_1_wrapper_hw_platform_0/design_1_wrapper.bit"
11:34:51 INFO  : 'targets -set -filter {jtag_cable_name =~ "Avnet MiniZed V1 1234-oj1A" && level==0} -index 1' command is executed.
11:34:51 INFO  : 'fpga -state' command is executed.
11:34:51 INFO  : Connected to target on host '127.0.0.1' and port '3121'.
11:34:51 INFO  : Jtag cable 'Avnet MiniZed V1 1234-oj1A' is selected.
11:34:51 INFO  : 'jtag frequency' command is executed.
11:34:51 INFO  : Sourcing of 'C:/EOS_JV/Project7/Project7.sdk/design_1_wrapper_hw_platform_0/ps7_init.tcl' is done.
11:34:51 INFO  : Context for 'APU' is selected.
11:34:51 INFO  : Hardware design information is loaded from 'C:/EOS_JV/Project7/Project7.sdk/design_1_wrapper_hw_platform_0/system.hdf'.
11:34:51 INFO  : 'configparams force-mem-access 1' command is executed.
11:34:51 INFO  : Context for 'APU' is selected.
11:34:51 INFO  : 'stop' command is executed.
11:34:52 INFO  : 'ps7_init' command is executed.
11:34:52 INFO  : 'ps7_post_config' command is executed.
11:34:52 INFO  : Context for processor 'ps7_cortexa9_0' is selected.
11:34:52 INFO  : Processor reset is completed for 'ps7_cortexa9_0'.
11:34:52 INFO  : Context for processor 'ps7_cortexa9_0' is selected.
11:34:52 INFO  : The application 'C:/EOS_JV/Project7/Project7.sdk/ExampleC/Debug/ExampleC.elf' is downloaded to processor 'ps7_cortexa9_0'.
11:34:52 INFO  : 'configparams force-mem-access 0' command is executed.
11:34:52 INFO  : ----------------XSDB Script----------------
connect -url tcp:127.0.0.1:3121
source C:/EOS_JV/Project7/Project7.sdk/design_1_wrapper_hw_platform_0/ps7_init.tcl
targets -set -nocase -filter {name =~"APU*" && jtag_cable_name =~ "Avnet MiniZed V1 1234-oj1A"} -index 0
loadhw -hw C:/EOS_JV/Project7/Project7.sdk/design_1_wrapper_hw_platform_0/system.hdf -mem-ranges [list {0x40000000 0xbfffffff}]
configparams force-mem-access 1
targets -set -nocase -filter {name =~"APU*" && jtag_cable_name =~ "Avnet MiniZed V1 1234-oj1A"} -index 0
stop
ps7_init
ps7_post_config
targets -set -nocase -filter {name =~ "ARM*#0" && jtag_cable_name =~ "Avnet MiniZed V1 1234-oj1A"} -index 0
rst -processor
targets -set -nocase -filter {name =~ "ARM*#0" && jtag_cable_name =~ "Avnet MiniZed V1 1234-oj1A"} -index 0
dow C:/EOS_JV/Project7/Project7.sdk/ExampleC/Debug/ExampleC.elf
configparams force-mem-access 0
----------------End of Script----------------

11:34:52 INFO  : Memory regions updated for context APU
11:34:52 INFO  : Context for processor 'ps7_cortexa9_0' is selected.
11:34:53 INFO  : 'con' command is executed.
11:34:53 INFO  : ----------------XSDB Script (After Launch)----------------
targets -set -nocase -filter {name =~ "ARM*#0" && jtag_cable_name =~ "Avnet MiniZed V1 1234-oj1A"} -index 0
con
----------------End of Script----------------

11:34:53 INFO  : Launch script is exported to file 'C:\EOS_JV\Project7\Project7.sdk\.sdk\launch_scripts\xilinx_c-c++_application_(system_debugger)\system_debugger_using_debug_examplec.elf_on_local.tcl'
11:35:52 INFO  : Disconnected from the channel tcfchan#1.
11:35:53 INFO  : 'targets -set -filter {jtag_cable_name =~ "Avnet MiniZed V1 1234-oj1A" && level==0} -index 1' command is executed.
11:35:53 INFO  : 'fpga -state' command is executed.
11:35:53 INFO  : Connected to target on host '127.0.0.1' and port '3121'.
11:35:53 INFO  : Jtag cable 'Avnet MiniZed V1 1234-oj1A' is selected.
11:35:53 INFO  : 'jtag frequency' command is executed.
11:35:53 INFO  : Sourcing of 'C:/EOS_JV/Project7/Project7.sdk/design_1_wrapper_hw_platform_0/ps7_init.tcl' is done.
11:35:53 INFO  : Context for 'APU' is selected.
11:35:56 INFO  : Hardware design information is loaded from 'C:/EOS_JV/Project7/Project7.sdk/design_1_wrapper_hw_platform_0/system.hdf'.
11:35:56 INFO  : 'configparams force-mem-access 1' command is executed.
11:35:56 INFO  : Context for 'APU' is selected.
11:35:56 INFO  : 'stop' command is executed.
11:35:56 INFO  : 'ps7_init' command is executed.
11:35:56 INFO  : 'ps7_post_config' command is executed.
11:35:56 INFO  : Context for processor 'ps7_cortexa9_0' is selected.
11:35:56 INFO  : Processor reset is completed for 'ps7_cortexa9_0'.
11:35:56 INFO  : Context for processor 'ps7_cortexa9_0' is selected.
11:35:56 INFO  : The application 'C:/EOS_JV/Project7/Project7.sdk/ExampleC/Debug/ExampleC.elf' is downloaded to processor 'ps7_cortexa9_0'.
11:35:56 INFO  : 'configparams force-mem-access 0' command is executed.
11:35:56 INFO  : ----------------XSDB Script----------------
connect -url tcp:127.0.0.1:3121
source C:/EOS_JV/Project7/Project7.sdk/design_1_wrapper_hw_platform_0/ps7_init.tcl
targets -set -nocase -filter {name =~"APU*" && jtag_cable_name =~ "Avnet MiniZed V1 1234-oj1A"} -index 0
loadhw -hw C:/EOS_JV/Project7/Project7.sdk/design_1_wrapper_hw_platform_0/system.hdf -mem-ranges [list {0x40000000 0xbfffffff}]
configparams force-mem-access 1
targets -set -nocase -filter {name =~"APU*" && jtag_cable_name =~ "Avnet MiniZed V1 1234-oj1A"} -index 0
stop
ps7_init
ps7_post_config
targets -set -nocase -filter {name =~ "ARM*#0" && jtag_cable_name =~ "Avnet MiniZed V1 1234-oj1A"} -index 0
rst -processor
targets -set -nocase -filter {name =~ "ARM*#0" && jtag_cable_name =~ "Avnet MiniZed V1 1234-oj1A"} -index 0
dow C:/EOS_JV/Project7/Project7.sdk/ExampleC/Debug/ExampleC.elf
configparams force-mem-access 0
----------------End of Script----------------

11:35:57 INFO  : Memory regions updated for context APU
11:35:57 INFO  : Context for processor 'ps7_cortexa9_0' is selected.
11:35:57 INFO  : 'con' command is executed.
11:35:57 INFO  : ----------------XSDB Script (After Launch)----------------
targets -set -nocase -filter {name =~ "ARM*#0" && jtag_cable_name =~ "Avnet MiniZed V1 1234-oj1A"} -index 0
con
----------------End of Script----------------

11:35:57 INFO  : Launch script is exported to file 'C:\EOS_JV\Project7\Project7.sdk\.sdk\launch_scripts\xilinx_c-c++_application_(system_debugger)\system_debugger_using_debug_examplec.elf_on_local.tcl'
11:37:23 INFO  : Disconnected from the channel tcfchan#2.
11:37:24 INFO  : 'targets -set -filter {jtag_cable_name =~ "Avnet MiniZed V1 1234-oj1A" && level==0} -index 1' command is executed.
11:37:24 INFO  : 'fpga -state' command is executed.
11:37:24 INFO  : Connected to target on host '127.0.0.1' and port '3121'.
11:37:25 INFO  : Jtag cable 'Avnet MiniZed V1 1234-oj1A' is selected.
11:37:25 INFO  : 'jtag frequency' command is executed.
11:37:25 INFO  : Sourcing of 'C:/EOS_JV/Project7/Project7.sdk/design_1_wrapper_hw_platform_0/ps7_init.tcl' is done.
11:37:25 INFO  : Context for 'APU' is selected.
11:37:28 INFO  : Hardware design information is loaded from 'C:/EOS_JV/Project7/Project7.sdk/design_1_wrapper_hw_platform_0/system.hdf'.
11:37:28 INFO  : 'configparams force-mem-access 1' command is executed.
11:37:28 INFO  : Context for 'APU' is selected.
11:37:28 INFO  : 'stop' command is executed.
11:37:28 INFO  : 'ps7_init' command is executed.
11:37:28 INFO  : 'ps7_post_config' command is executed.
11:37:28 INFO  : Context for processor 'ps7_cortexa9_0' is selected.
11:37:28 INFO  : Processor reset is completed for 'ps7_cortexa9_0'.
11:37:28 INFO  : Context for processor 'ps7_cortexa9_0' is selected.
11:37:28 INFO  : The application 'C:/EOS_JV/Project7/Project7.sdk/ExampleC/Debug/ExampleC.elf' is downloaded to processor 'ps7_cortexa9_0'.
11:37:28 INFO  : 'configparams force-mem-access 0' command is executed.
11:37:28 INFO  : ----------------XSDB Script----------------
connect -url tcp:127.0.0.1:3121
source C:/EOS_JV/Project7/Project7.sdk/design_1_wrapper_hw_platform_0/ps7_init.tcl
targets -set -nocase -filter {name =~"APU*" && jtag_cable_name =~ "Avnet MiniZed V1 1234-oj1A"} -index 0
loadhw -hw C:/EOS_JV/Project7/Project7.sdk/design_1_wrapper_hw_platform_0/system.hdf -mem-ranges [list {0x40000000 0xbfffffff}]
configparams force-mem-access 1
targets -set -nocase -filter {name =~"APU*" && jtag_cable_name =~ "Avnet MiniZed V1 1234-oj1A"} -index 0
stop
ps7_init
ps7_post_config
targets -set -nocase -filter {name =~ "ARM*#0" && jtag_cable_name =~ "Avnet MiniZed V1 1234-oj1A"} -index 0
rst -processor
targets -set -nocase -filter {name =~ "ARM*#0" && jtag_cable_name =~ "Avnet MiniZed V1 1234-oj1A"} -index 0
dow C:/EOS_JV/Project7/Project7.sdk/ExampleC/Debug/ExampleC.elf
configparams force-mem-access 0
----------------End of Script----------------

11:37:28 INFO  : Memory regions updated for context APU
11:37:29 INFO  : Context for processor 'ps7_cortexa9_0' is selected.
11:37:29 INFO  : 'con' command is executed.
11:37:29 INFO  : ----------------XSDB Script (After Launch)----------------
targets -set -nocase -filter {name =~ "ARM*#0" && jtag_cable_name =~ "Avnet MiniZed V1 1234-oj1A"} -index 0
con
----------------End of Script----------------

11:37:29 INFO  : Launch script is exported to file 'C:\EOS_JV\Project7\Project7.sdk\.sdk\launch_scripts\xilinx_c-c++_application_(system_debugger)\system_debugger_using_debug_examplec.elf_on_local.tcl'
11:38:19 INFO  : Disconnected from the channel tcfchan#3.
