
*** Running vivado
    with args -log design_1_DobbelSteen_0_0.vds -m64 -product Vivado -mode batch -messageDb vivado.pb -notrace -source design_1_DobbelSteen_0_0.tcl


****** Vivado v2019.1 (64-bit)
  **** SW Build 2552052 on Fri May 24 14:49:42 MDT 2019
  **** IP Build 2548770 on Fri May 24 18:01:18 MDT 2019
    ** Copyright 1986-2019 Xilinx, Inc. All Rights Reserved.

source design_1_DobbelSteen_0_0.tcl -notrace
INFO: [IP_Flow 19-234] Refreshing IP repositories
INFO: [IP_Flow 19-1700] Loaded user IP repository 'c:/EOS_JV/IP_REPO'.
INFO: [IP_Flow 19-2313] Loaded Vivado IP repository 'C:/Xilinx/Vivado/2019.1/data/ip'.
Command: synth_design -top design_1_DobbelSteen_0_0 -part xc7z007sclg225-1 -mode out_of_context
Starting synth_design
Attempting to get a license for feature 'Synthesis' and/or device 'xc7z007s'
INFO: [Common 17-349] Got license for feature 'Synthesis' and/or device 'xc7z007s'
INFO: [Device 21-403] Loading part xc7z007sclg225-1
INFO: Launching helper process for spawning children vivado processes
INFO: Helper process launched with PID 13836 
---------------------------------------------------------------------------------
Starting RTL Elaboration : Time (s): cpu = 00:00:08 ; elapsed = 00:00:09 . Memory (MB): peak = 841.484 ; gain = 177.293
---------------------------------------------------------------------------------
INFO: [Synth 8-638] synthesizing module 'design_1_DobbelSteen_0_0' [c:/EOS_JV/Project4/Project4.srcs/sources_1/bd/design_1/ip/design_1_DobbelSteen_0_0/synth/design_1_DobbelSteen_0_0.vhd:83]
	Parameter C_S00_AXI_DATA_WIDTH bound to: 32 - type: integer 
	Parameter C_S00_AXI_ADDR_WIDTH bound to: 4 - type: integer 
INFO: [Synth 8-3491] module 'DobbelSteen_v1_0' declared at 'c:/EOS_JV/Project4/Project4.srcs/sources_1/bd/design_1/ipshared/efb9/hdl/DobbelSteen_v1_0.vhd:5' bound to instance 'U0' of component 'DobbelSteen_v1_0' [c:/EOS_JV/Project4/Project4.srcs/sources_1/bd/design_1/ip/design_1_DobbelSteen_0_0/synth/design_1_DobbelSteen_0_0.vhd:150]
INFO: [Synth 8-638] synthesizing module 'DobbelSteen_v1_0' [c:/EOS_JV/Project4/Project4.srcs/sources_1/bd/design_1/ipshared/efb9/hdl/DobbelSteen_v1_0.vhd:49]
	Parameter C_S00_AXI_DATA_WIDTH bound to: 32 - type: integer 
	Parameter C_S00_AXI_ADDR_WIDTH bound to: 4 - type: integer 
	Parameter C_S_AXI_DATA_WIDTH bound to: 32 - type: integer 
	Parameter C_S_AXI_ADDR_WIDTH bound to: 4 - type: integer 
INFO: [Synth 8-3491] module 'DobbelSteen_v1_0_S00_AXI' declared at 'c:/EOS_JV/Project4/Project4.srcs/sources_1/bd/design_1/ipshared/efb9/hdl/DobbelSteen_v1_0_S00_AXI.vhd:5' bound to instance 'DobbelSteen_v1_0_S00_AXI_inst' of component 'DobbelSteen_v1_0_S00_AXI' [c:/EOS_JV/Project4/Project4.srcs/sources_1/bd/design_1/ipshared/efb9/hdl/DobbelSteen_v1_0.vhd:86]
INFO: [Synth 8-638] synthesizing module 'DobbelSteen_v1_0_S00_AXI' [c:/EOS_JV/Project4/Project4.srcs/sources_1/bd/design_1/ipshared/efb9/hdl/DobbelSteen_v1_0_S00_AXI.vhd:86]
	Parameter C_S_AXI_DATA_WIDTH bound to: 32 - type: integer 
	Parameter C_S_AXI_ADDR_WIDTH bound to: 4 - type: integer 
INFO: [Synth 8-226] default block is never used [c:/EOS_JV/Project4/Project4.srcs/sources_1/bd/design_1/ipshared/efb9/hdl/DobbelSteen_v1_0_S00_AXI.vhd:228]
INFO: [Synth 8-226] default block is never used [c:/EOS_JV/Project4/Project4.srcs/sources_1/bd/design_1/ipshared/efb9/hdl/DobbelSteen_v1_0_S00_AXI.vhd:358]
INFO: [Synth 8-3491] module 'DobbelSteen' declared at 'c:/EOS_JV/Project4/Project4.srcs/sources_1/bd/design_1/ipshared/efb9/src/DobbelSteen.vhd:4' bound to instance 'dobbel' of component 'DobbelSteen' [c:/EOS_JV/Project4/Project4.srcs/sources_1/bd/design_1/ipshared/efb9/hdl/DobbelSteen_v1_0_S00_AXI.vhd:392]
INFO: [Synth 8-638] synthesizing module 'DobbelSteen' [c:/EOS_JV/Project4/Project4.srcs/sources_1/bd/design_1/ipshared/efb9/src/DobbelSteen.vhd:10]
INFO: [Synth 8-256] done synthesizing module 'DobbelSteen' (1#1) [c:/EOS_JV/Project4/Project4.srcs/sources_1/bd/design_1/ipshared/efb9/src/DobbelSteen.vhd:10]
WARNING: [Synth 8-6014] Unused sequential element loc_addr_reg was removed.  [c:/EOS_JV/Project4/Project4.srcs/sources_1/bd/design_1/ipshared/efb9/hdl/DobbelSteen_v1_0_S00_AXI.vhd:226]
INFO: [Synth 8-256] done synthesizing module 'DobbelSteen_v1_0_S00_AXI' (2#1) [c:/EOS_JV/Project4/Project4.srcs/sources_1/bd/design_1/ipshared/efb9/hdl/DobbelSteen_v1_0_S00_AXI.vhd:86]
INFO: [Synth 8-256] done synthesizing module 'DobbelSteen_v1_0' (3#1) [c:/EOS_JV/Project4/Project4.srcs/sources_1/bd/design_1/ipshared/efb9/hdl/DobbelSteen_v1_0.vhd:49]
INFO: [Synth 8-256] done synthesizing module 'design_1_DobbelSteen_0_0' (4#1) [c:/EOS_JV/Project4/Project4.srcs/sources_1/bd/design_1/ip/design_1_DobbelSteen_0_0/synth/design_1_DobbelSteen_0_0.vhd:83]
WARNING: [Synth 8-3331] design DobbelSteen_v1_0_S00_AXI has unconnected port S_AXI_AWPROT[2]
WARNING: [Synth 8-3331] design DobbelSteen_v1_0_S00_AXI has unconnected port S_AXI_AWPROT[1]
WARNING: [Synth 8-3331] design DobbelSteen_v1_0_S00_AXI has unconnected port S_AXI_AWPROT[0]
WARNING: [Synth 8-3331] design DobbelSteen_v1_0_S00_AXI has unconnected port S_AXI_ARPROT[2]
WARNING: [Synth 8-3331] design DobbelSteen_v1_0_S00_AXI has unconnected port S_AXI_ARPROT[1]
WARNING: [Synth 8-3331] design DobbelSteen_v1_0_S00_AXI has unconnected port S_AXI_ARPROT[0]
---------------------------------------------------------------------------------
Finished RTL Elaboration : Time (s): cpu = 00:00:11 ; elapsed = 00:00:12 . Memory (MB): peak = 907.500 ; gain = 243.309
---------------------------------------------------------------------------------

Report Check Netlist: 
+------+------------------+-------+---------+-------+------------------+
|      |Item              |Errors |Warnings |Status |Description       |
+------+------------------+-------+---------+-------+------------------+
|1     |multi_driven_nets |      0|        0|Passed |Multi driven nets |
+------+------------------+-------+---------+-------+------------------+
---------------------------------------------------------------------------------
Start Handling Custom Attributes
---------------------------------------------------------------------------------
---------------------------------------------------------------------------------
Finished Handling Custom Attributes : Time (s): cpu = 00:00:11 ; elapsed = 00:00:12 . Memory (MB): peak = 907.500 ; gain = 243.309
---------------------------------------------------------------------------------
---------------------------------------------------------------------------------
Finished RTL Optimization Phase 1 : Time (s): cpu = 00:00:11 ; elapsed = 00:00:12 . Memory (MB): peak = 907.500 ; gain = 243.309
---------------------------------------------------------------------------------
INFO: [Project 1-570] Preparing netlist for logic optimization

Processing XDC Constraints
Initializing timing engine
Completed Processing XDC Constraints

Netlist sorting complete. Time (s): cpu = 00:00:00 ; elapsed = 00:00:00 . Memory (MB): peak = 1021.293 ; gain = 0.000
INFO: [Project 1-111] Unisim Transformation Summary:
No Unisim elements were transformed.

WARNING: [Constraints 18-5210] No constraints selected for write.
Resolution: This message can indicate that there are no constraints for the design, or it can indicate that the used_in flags are set such that the constraints are ignored. This later case is used when running synth_design to not write synthesis constraints to the resulting checkpoint. Instead, project constraints are read when the synthesized design is opened.
Constraint Validation Runtime : Time (s): cpu = 00:00:00 ; elapsed = 00:00:00.200 . Memory (MB): peak = 1022.398 ; gain = 1.105
---------------------------------------------------------------------------------
Finished Constraint Validation : Time (s): cpu = 00:00:24 ; elapsed = 00:00:26 . Memory (MB): peak = 1022.398 ; gain = 358.207
---------------------------------------------------------------------------------
---------------------------------------------------------------------------------
Start Loading Part and Timing Information
---------------------------------------------------------------------------------
Loading part: xc7z007sclg225-1
---------------------------------------------------------------------------------
Finished Loading Part and Timing Information : Time (s): cpu = 00:00:24 ; elapsed = 00:00:26 . Memory (MB): peak = 1022.398 ; gain = 358.207
---------------------------------------------------------------------------------
---------------------------------------------------------------------------------
Start Applying 'set_property' XDC Constraints
---------------------------------------------------------------------------------
---------------------------------------------------------------------------------
Finished applying 'set_property' XDC Constraints : Time (s): cpu = 00:00:24 ; elapsed = 00:00:26 . Memory (MB): peak = 1022.398 ; gain = 358.207
---------------------------------------------------------------------------------
INFO: [Synth 8-5544] ROM "uit" won't be mapped to Block RAM because address size (4) smaller than threshold (5)
---------------------------------------------------------------------------------
Finished RTL Optimization Phase 2 : Time (s): cpu = 00:00:24 ; elapsed = 00:00:27 . Memory (MB): peak = 1022.398 ; gain = 358.207
---------------------------------------------------------------------------------

Report RTL Partitions: 
+-+--------------+------------+----------+
| |RTL Partition |Replication |Instances |
+-+--------------+------------+----------+
+-+--------------+------------+----------+
---------------------------------------------------------------------------------
Start RTL Component Statistics 
---------------------------------------------------------------------------------
Detailed RTL Component Info : 
+---Registers : 
	               32 Bit    Registers := 5     
	                4 Bit    Registers := 2     
	                2 Bit    Registers := 2     
	                1 Bit    Registers := 6     
+---Muxes : 
	   2 Input     32 Bit        Muxes := 4     
	   4 Input     32 Bit        Muxes := 5     
	   2 Input      8 Bit        Muxes := 1     
	   7 Input      8 Bit        Muxes := 1     
	   2 Input      1 Bit        Muxes := 5     
---------------------------------------------------------------------------------
Finished RTL Component Statistics 
---------------------------------------------------------------------------------
---------------------------------------------------------------------------------
Start RTL Hierarchical Component Statistics 
---------------------------------------------------------------------------------
Hierarchical RTL Component report 
Module DobbelSteen 
Detailed RTL Component Info : 
+---Muxes : 
	   2 Input      8 Bit        Muxes := 1     
	   7 Input      8 Bit        Muxes := 1     
Module DobbelSteen_v1_0_S00_AXI 
Detailed RTL Component Info : 
+---Registers : 
	               32 Bit    Registers := 5     
	                4 Bit    Registers := 2     
	                2 Bit    Registers := 2     
	                1 Bit    Registers := 6     
+---Muxes : 
	   2 Input     32 Bit        Muxes := 4     
	   4 Input     32 Bit        Muxes := 5     
	   2 Input      1 Bit        Muxes := 5     
---------------------------------------------------------------------------------
Finished RTL Hierarchical Component Statistics
---------------------------------------------------------------------------------
---------------------------------------------------------------------------------
Start Part Resource Summary
---------------------------------------------------------------------------------
Part Resources:
DSPs: 66 (col length:40)
BRAMs: 100 (col length: RAMB18 40 RAMB36 20)
---------------------------------------------------------------------------------
Finished Part Resource Summary
---------------------------------------------------------------------------------
---------------------------------------------------------------------------------
Start Cross Boundary and Area Optimization
---------------------------------------------------------------------------------
Warning: Parallel synthesis criteria is not met 
INFO: [Synth 8-3917] design design_1_DobbelSteen_0_0 has port uit[3] driven by constant 0
WARNING: [Synth 8-3331] design design_1_DobbelSteen_0_0 has unconnected port s00_axi_awprot[2]
WARNING: [Synth 8-3331] design design_1_DobbelSteen_0_0 has unconnected port s00_axi_awprot[1]
WARNING: [Synth 8-3331] design design_1_DobbelSteen_0_0 has unconnected port s00_axi_awprot[0]
WARNING: [Synth 8-3331] design design_1_DobbelSteen_0_0 has unconnected port s00_axi_arprot[2]
WARNING: [Synth 8-3331] design design_1_DobbelSteen_0_0 has unconnected port s00_axi_arprot[1]
WARNING: [Synth 8-3331] design design_1_DobbelSteen_0_0 has unconnected port s00_axi_arprot[0]
INFO: [Synth 8-3333] propagating constant 1 across sequential element (\U0/DobbelSteen_v1_0_S00_AXI_inst/aw_en_reg )
INFO: [Synth 8-3886] merging instance 'U0/DobbelSteen_v1_0_S00_AXI_inst/axi_rresp_reg[0]' (FDRE) to 'U0/DobbelSteen_v1_0_S00_AXI_inst/axi_rresp_reg[1]'
INFO: [Synth 8-3333] propagating constant 0 across sequential element (\U0/DobbelSteen_v1_0_S00_AXI_inst/axi_rresp_reg[1] )
INFO: [Synth 8-3886] merging instance 'U0/DobbelSteen_v1_0_S00_AXI_inst/axi_bresp_reg[0]' (FDRE) to 'U0/DobbelSteen_v1_0_S00_AXI_inst/axi_bresp_reg[1]'
INFO: [Synth 8-3333] propagating constant 0 across sequential element (\U0/DobbelSteen_v1_0_S00_AXI_inst/axi_bresp_reg[1] )
---------------------------------------------------------------------------------
Finished Cross Boundary and Area Optimization : Time (s): cpu = 00:00:27 ; elapsed = 00:00:30 . Memory (MB): peak = 1022.398 ; gain = 358.207
---------------------------------------------------------------------------------

Report RTL Partitions: 
+-+--------------+------------+----------+
| |RTL Partition |Replication |Instances |
+-+--------------+------------+----------+
+-+--------------+------------+----------+
---------------------------------------------------------------------------------
Start Applying XDC Timing Constraints
---------------------------------------------------------------------------------
---------------------------------------------------------------------------------
Finished Applying XDC Timing Constraints : Time (s): cpu = 00:00:45 ; elapsed = 00:00:49 . Memory (MB): peak = 1022.398 ; gain = 358.207
---------------------------------------------------------------------------------
---------------------------------------------------------------------------------
Start Timing Optimization
---------------------------------------------------------------------------------
---------------------------------------------------------------------------------
Finished Timing Optimization : Time (s): cpu = 00:00:45 ; elapsed = 00:00:49 . Memory (MB): peak = 1022.398 ; gain = 358.207
---------------------------------------------------------------------------------

Report RTL Partitions: 
+-+--------------+------------+----------+
| |RTL Partition |Replication |Instances |
+-+--------------+------------+----------+
+-+--------------+------------+----------+
---------------------------------------------------------------------------------
Start Technology Mapping
---------------------------------------------------------------------------------
---------------------------------------------------------------------------------
Finished Technology Mapping : Time (s): cpu = 00:00:45 ; elapsed = 00:00:49 . Memory (MB): peak = 1022.398 ; gain = 358.207
---------------------------------------------------------------------------------

Report RTL Partitions: 
+-+--------------+------------+----------+
| |RTL Partition |Replication |Instances |
+-+--------------+------------+----------+
+-+--------------+------------+----------+
---------------------------------------------------------------------------------
Start IO Insertion
---------------------------------------------------------------------------------
---------------------------------------------------------------------------------
Start Flattening Before IO Insertion
---------------------------------------------------------------------------------
---------------------------------------------------------------------------------
Finished Flattening Before IO Insertion
---------------------------------------------------------------------------------
---------------------------------------------------------------------------------
Start Final Netlist Cleanup
---------------------------------------------------------------------------------
---------------------------------------------------------------------------------
Finished Final Netlist Cleanup
---------------------------------------------------------------------------------
---------------------------------------------------------------------------------
Finished IO Insertion : Time (s): cpu = 00:00:50 ; elapsed = 00:00:54 . Memory (MB): peak = 1030.434 ; gain = 366.242
---------------------------------------------------------------------------------

Report Check Netlist: 
+------+------------------+-------+---------+-------+------------------+
|      |Item              |Errors |Warnings |Status |Description       |
+------+------------------+-------+---------+-------+------------------+
|1     |multi_driven_nets |      0|        0|Passed |Multi driven nets |
+------+------------------+-------+---------+-------+------------------+
---------------------------------------------------------------------------------
Start Renaming Generated Instances
---------------------------------------------------------------------------------
---------------------------------------------------------------------------------
Finished Renaming Generated Instances : Time (s): cpu = 00:00:50 ; elapsed = 00:00:54 . Memory (MB): peak = 1030.434 ; gain = 366.242
---------------------------------------------------------------------------------

Report RTL Partitions: 
+-+--------------+------------+----------+
| |RTL Partition |Replication |Instances |
+-+--------------+------------+----------+
+-+--------------+------------+----------+
---------------------------------------------------------------------------------
Start Rebuilding User Hierarchy
---------------------------------------------------------------------------------
---------------------------------------------------------------------------------
Finished Rebuilding User Hierarchy : Time (s): cpu = 00:00:50 ; elapsed = 00:00:54 . Memory (MB): peak = 1030.434 ; gain = 366.242
---------------------------------------------------------------------------------
---------------------------------------------------------------------------------
Start Renaming Generated Ports
---------------------------------------------------------------------------------
---------------------------------------------------------------------------------
Finished Renaming Generated Ports : Time (s): cpu = 00:00:50 ; elapsed = 00:00:54 . Memory (MB): peak = 1030.434 ; gain = 366.242
---------------------------------------------------------------------------------
---------------------------------------------------------------------------------
Start Handling Custom Attributes
---------------------------------------------------------------------------------
---------------------------------------------------------------------------------
Finished Handling Custom Attributes : Time (s): cpu = 00:00:50 ; elapsed = 00:00:54 . Memory (MB): peak = 1030.434 ; gain = 366.242
---------------------------------------------------------------------------------
---------------------------------------------------------------------------------
Start Renaming Generated Nets
---------------------------------------------------------------------------------
---------------------------------------------------------------------------------
Finished Renaming Generated Nets : Time (s): cpu = 00:00:50 ; elapsed = 00:00:54 . Memory (MB): peak = 1030.434 ; gain = 366.242
---------------------------------------------------------------------------------
---------------------------------------------------------------------------------
Start Writing Synthesis Report
---------------------------------------------------------------------------------

Report BlackBoxes: 
+-+--------------+----------+
| |BlackBox name |Instances |
+-+--------------+----------+
+-+--------------+----------+

Report Cell Usage: 
+------+-----+------+
|      |Cell |Count |
+------+-----+------+
|1     |LUT1 |     1|
|2     |LUT2 |     1|
|3     |LUT3 |     3|
|4     |LUT4 |    24|
|5     |LUT5 |     2|
|6     |LUT6 |    33|
|7     |FDRE |   167|
|8     |FDSE |     2|
+------+-----+------+

Report Instance Areas: 
+------+----------------------------------+-------------------------+------+
|      |Instance                          |Module                   |Cells |
+------+----------------------------------+-------------------------+------+
|1     |top                               |                         |   233|
|2     |  U0                              |DobbelSteen_v1_0         |   233|
|3     |    DobbelSteen_v1_0_S00_AXI_inst |DobbelSteen_v1_0_S00_AXI |   233|
+------+----------------------------------+-------------------------+------+
---------------------------------------------------------------------------------
Finished Writing Synthesis Report : Time (s): cpu = 00:00:50 ; elapsed = 00:00:54 . Memory (MB): peak = 1030.434 ; gain = 366.242
---------------------------------------------------------------------------------
Synthesis finished with 0 errors, 0 critical warnings and 6 warnings.
Synthesis Optimization Runtime : Time (s): cpu = 00:00:35 ; elapsed = 00:00:50 . Memory (MB): peak = 1030.434 ; gain = 251.344
Synthesis Optimization Complete : Time (s): cpu = 00:00:50 ; elapsed = 00:00:55 . Memory (MB): peak = 1030.434 ; gain = 366.242
INFO: [Project 1-571] Translating synthesized netlist
INFO: [Project 1-570] Preparing netlist for logic optimization
INFO: [Opt 31-138] Pushed 0 inverter(s) to 0 load pin(s).
Netlist sorting complete. Time (s): cpu = 00:00:00 ; elapsed = 00:00:00 . Memory (MB): peak = 1047.000 ; gain = 0.000
INFO: [Project 1-111] Unisim Transformation Summary:
No Unisim elements were transformed.

INFO: [Common 17-83] Releasing license: Synthesis
32 Infos, 14 Warnings, 0 Critical Warnings and 0 Errors encountered.
synth_design completed successfully
synth_design: Time (s): cpu = 00:01:03 ; elapsed = 00:01:11 . Memory (MB): peak = 1047.000 ; gain = 621.570
Netlist sorting complete. Time (s): cpu = 00:00:00 ; elapsed = 00:00:00 . Memory (MB): peak = 1047.000 ; gain = 0.000
WARNING: [Constraints 18-5210] No constraints selected for write.
Resolution: This message can indicate that there are no constraints for the design, or it can indicate that the used_in flags are set such that the constraints are ignored. This later case is used when running synth_design to not write synthesis constraints to the resulting checkpoint. Instead, project constraints are read when the synthesized design is opened.
INFO: [Common 17-1381] The checkpoint 'C:/EOS_JV/Project4/Project4.runs/design_1_DobbelSteen_0_0_synth_1/design_1_DobbelSteen_0_0.dcp' has been generated.
WARNING: [Common 17-576] 'use_project_ipc' is deprecated. This option is deprecated and no longer used.
INFO: [Coretcl 2-1648] Added synthesis output to IP cache for IP design_1_DobbelSteen_0_0, cache-ID = 6620391f20b89050
INFO: [Coretcl 2-1174] Renamed 2 cell refs.
Netlist sorting complete. Time (s): cpu = 00:00:00 ; elapsed = 00:00:00 . Memory (MB): peak = 1047.000 ; gain = 0.000
WARNING: [Constraints 18-5210] No constraints selected for write.
Resolution: This message can indicate that there are no constraints for the design, or it can indicate that the used_in flags are set such that the constraints are ignored. This later case is used when running synth_design to not write synthesis constraints to the resulting checkpoint. Instead, project constraints are read when the synthesized design is opened.
INFO: [Common 17-1381] The checkpoint 'C:/EOS_JV/Project4/Project4.runs/design_1_DobbelSteen_0_0_synth_1/design_1_DobbelSteen_0_0.dcp' has been generated.
INFO: [runtcl-4] Executing : report_utilization -file design_1_DobbelSteen_0_0_utilization_synth.rpt -pb design_1_DobbelSteen_0_0_utilization_synth.pb
INFO: [Common 17-206] Exiting Vivado at Sun Jan 19 17:33:36 2020...
