12:16:53 INFO  : Registering command handlers for SDK TCF services
12:16:55 INFO  : Launching XSCT server: xsct.bat -interactive C:\EOS_JV\project2\project2.sdk\temp_xsdb_launch_script.tcl
12:17:01 INFO  : XSCT server has started successfully.
12:17:06 INFO  : Processing command line option -hwspec C:/EOS_JV/project2/project2.sdk/design_1_wrapper.hdf.
12:17:06 INFO  : Successfully done setting XSCT server connection channel  
12:17:06 INFO  : Successfully done setting SDK workspace  
12:21:23 INFO  : Refreshed build settings on project ExampleFreertos
12:32:37 INFO  : Connected to target on host '127.0.0.1' and port '3121'.
12:32:37 INFO  : 'targets -set -filter {jtag_cable_name =~ "Avnet MiniZed V1 1234-oj1A" && level==0} -index 1' command is executed.
12:32:38 INFO  : FPGA configured successfully with bitstream "C:/EOS_JV/project2/project2.sdk/design_1_wrapper_hw_platform_0/design_1_wrapper.bit"
12:33:11 INFO  : 'targets -set -filter {jtag_cable_name =~ "Avnet MiniZed V1 1234-oj1A" && level==0} -index 1' command is executed.
12:33:11 INFO  : 'fpga -state' command is executed.
12:33:11 INFO  : Connected to target on host '127.0.0.1' and port '3121'.
12:33:12 INFO  : Jtag cable 'Avnet MiniZed V1 1234-oj1A' is selected.
12:33:12 INFO  : 'jtag frequency' command is executed.
12:33:12 INFO  : Sourcing of 'C:/EOS_JV/project2/project2.sdk/design_1_wrapper_hw_platform_0/ps7_init.tcl' is done.
12:33:12 INFO  : Context for 'APU' is selected.
12:33:12 INFO  : Hardware design information is loaded from 'C:/EOS_JV/project2/project2.sdk/design_1_wrapper_hw_platform_0/system.hdf'.
12:33:12 INFO  : 'configparams force-mem-access 1' command is executed.
12:33:12 INFO  : Context for 'APU' is selected.
12:33:12 INFO  : 'stop' command is executed.
12:33:12 INFO  : 'ps7_init' command is executed.
12:33:12 INFO  : 'ps7_post_config' command is executed.
12:33:12 INFO  : Context for processor 'ps7_cortexa9_0' is selected.
12:33:12 INFO  : Processor reset is completed for 'ps7_cortexa9_0'.
12:33:12 INFO  : Context for processor 'ps7_cortexa9_0' is selected.
12:33:13 INFO  : The application 'C:/EOS_JV/project2/project2.sdk/ExampleFreertos/Debug/ExampleFreertos.elf' is downloaded to processor 'ps7_cortexa9_0'.
12:33:13 INFO  : 'configparams force-mem-access 0' command is executed.
12:33:13 INFO  : ----------------XSDB Script----------------
connect -url tcp:127.0.0.1:3121
source C:/EOS_JV/project2/project2.sdk/design_1_wrapper_hw_platform_0/ps7_init.tcl
targets -set -nocase -filter {name =~"APU*" && jtag_cable_name =~ "Avnet MiniZed V1 1234-oj1A"} -index 0
loadhw -hw C:/EOS_JV/project2/project2.sdk/design_1_wrapper_hw_platform_0/system.hdf -mem-ranges [list {0x40000000 0xbfffffff}]
configparams force-mem-access 1
targets -set -nocase -filter {name =~"APU*" && jtag_cable_name =~ "Avnet MiniZed V1 1234-oj1A"} -index 0
stop
ps7_init
ps7_post_config
targets -set -nocase -filter {name =~ "ARM*#0" && jtag_cable_name =~ "Avnet MiniZed V1 1234-oj1A"} -index 0
rst -processor
targets -set -nocase -filter {name =~ "ARM*#0" && jtag_cable_name =~ "Avnet MiniZed V1 1234-oj1A"} -index 0
dow C:/EOS_JV/project2/project2.sdk/ExampleFreertos/Debug/ExampleFreertos.elf
configparams force-mem-access 0
----------------End of Script----------------

12:33:13 INFO  : Memory regions updated for context APU
12:33:13 INFO  : Context for processor 'ps7_cortexa9_0' is selected.
12:33:13 INFO  : 'con' command is executed.
12:33:13 INFO  : ----------------XSDB Script (After Launch)----------------
targets -set -nocase -filter {name =~ "ARM*#0" && jtag_cable_name =~ "Avnet MiniZed V1 1234-oj1A"} -index 0
con
----------------End of Script----------------

12:33:13 INFO  : Launch script is exported to file 'C:\EOS_JV\project2\project2.sdk\.sdk\launch_scripts\xilinx_c-c++_application_(system_debugger)\system_debugger_using_debug_examplefreertos.elf_on_local.tcl'
12:34:12 INFO  : Disconnected from the channel tcfchan#1.
12:34:13 INFO  : 'targets -set -filter {jtag_cable_name =~ "Avnet MiniZed V1 1234-oj1A" && level==0} -index 1' command is executed.
12:34:13 INFO  : 'fpga -state' command is executed.
12:34:13 INFO  : Connected to target on host '127.0.0.1' and port '3121'.
12:34:13 INFO  : Jtag cable 'Avnet MiniZed V1 1234-oj1A' is selected.
12:34:14 INFO  : 'jtag frequency' command is executed.
12:34:14 INFO  : Sourcing of 'C:/EOS_JV/project2/project2.sdk/design_1_wrapper_hw_platform_0/ps7_init.tcl' is done.
12:34:14 INFO  : Context for 'APU' is selected.
12:34:16 INFO  : Hardware design information is loaded from 'C:/EOS_JV/project2/project2.sdk/design_1_wrapper_hw_platform_0/system.hdf'.
12:34:16 INFO  : 'configparams force-mem-access 1' command is executed.
12:34:16 INFO  : Context for 'APU' is selected.
12:34:16 INFO  : 'stop' command is executed.
12:34:17 INFO  : 'ps7_init' command is executed.
12:34:17 INFO  : 'ps7_post_config' command is executed.
12:34:17 INFO  : Context for processor 'ps7_cortexa9_0' is selected.
12:34:17 INFO  : Processor reset is completed for 'ps7_cortexa9_0'.
12:34:17 INFO  : Context for processor 'ps7_cortexa9_0' is selected.
12:34:17 INFO  : The application 'C:/EOS_JV/project2/project2.sdk/ExampleFreertos/Debug/ExampleFreertos.elf' is downloaded to processor 'ps7_cortexa9_0'.
12:34:17 INFO  : 'configparams force-mem-access 0' command is executed.
12:34:17 INFO  : ----------------XSDB Script----------------
connect -url tcp:127.0.0.1:3121
source C:/EOS_JV/project2/project2.sdk/design_1_wrapper_hw_platform_0/ps7_init.tcl
targets -set -nocase -filter {name =~"APU*" && jtag_cable_name =~ "Avnet MiniZed V1 1234-oj1A"} -index 0
loadhw -hw C:/EOS_JV/project2/project2.sdk/design_1_wrapper_hw_platform_0/system.hdf -mem-ranges [list {0x40000000 0xbfffffff}]
configparams force-mem-access 1
targets -set -nocase -filter {name =~"APU*" && jtag_cable_name =~ "Avnet MiniZed V1 1234-oj1A"} -index 0
stop
ps7_init
ps7_post_config
targets -set -nocase -filter {name =~ "ARM*#0" && jtag_cable_name =~ "Avnet MiniZed V1 1234-oj1A"} -index 0
rst -processor
targets -set -nocase -filter {name =~ "ARM*#0" && jtag_cable_name =~ "Avnet MiniZed V1 1234-oj1A"} -index 0
dow C:/EOS_JV/project2/project2.sdk/ExampleFreertos/Debug/ExampleFreertos.elf
configparams force-mem-access 0
----------------End of Script----------------

12:34:17 INFO  : Memory regions updated for context APU
12:34:17 INFO  : Context for processor 'ps7_cortexa9_0' is selected.
12:34:17 INFO  : 'con' command is executed.
12:34:17 INFO  : ----------------XSDB Script (After Launch)----------------
targets -set -nocase -filter {name =~ "ARM*#0" && jtag_cable_name =~ "Avnet MiniZed V1 1234-oj1A"} -index 0
con
----------------End of Script----------------

12:34:17 INFO  : Launch script is exported to file 'C:\EOS_JV\project2\project2.sdk\.sdk\launch_scripts\xilinx_c-c++_application_(system_debugger)\system_debugger_using_debug_examplefreertos.elf_on_local.tcl'
12:34:34 INFO  : Disconnected from the channel tcfchan#2.
12:34:35 INFO  : 'targets -set -filter {jtag_cable_name =~ "Avnet MiniZed V1 1234-oj1A" && level==0} -index 1' command is executed.
12:34:35 INFO  : 'fpga -state' command is executed.
12:34:35 INFO  : Connected to target on host '127.0.0.1' and port '3121'.
12:34:35 INFO  : Jtag cable 'Avnet MiniZed V1 1234-oj1A' is selected.
12:34:35 INFO  : 'jtag frequency' command is executed.
12:34:35 INFO  : Sourcing of 'C:/EOS_JV/project2/project2.sdk/design_1_wrapper_hw_platform_0/ps7_init.tcl' is done.
12:34:35 INFO  : Context for 'APU' is selected.
12:34:38 INFO  : Hardware design information is loaded from 'C:/EOS_JV/project2/project2.sdk/design_1_wrapper_hw_platform_0/system.hdf'.
12:34:38 INFO  : 'configparams force-mem-access 1' command is executed.
12:34:38 INFO  : Context for 'APU' is selected.
12:34:38 INFO  : 'stop' command is executed.
12:34:38 INFO  : 'ps7_init' command is executed.
12:34:38 INFO  : 'ps7_post_config' command is executed.
12:34:38 INFO  : Context for processor 'ps7_cortexa9_0' is selected.
12:34:39 INFO  : Processor reset is completed for 'ps7_cortexa9_0'.
12:34:39 INFO  : Context for processor 'ps7_cortexa9_0' is selected.
12:34:39 INFO  : The application 'C:/EOS_JV/project2/project2.sdk/ExampleFreertos/Debug/ExampleFreertos.elf' is downloaded to processor 'ps7_cortexa9_0'.
12:34:39 INFO  : 'configparams force-mem-access 0' command is executed.
12:34:39 INFO  : ----------------XSDB Script----------------
connect -url tcp:127.0.0.1:3121
source C:/EOS_JV/project2/project2.sdk/design_1_wrapper_hw_platform_0/ps7_init.tcl
targets -set -nocase -filter {name =~"APU*" && jtag_cable_name =~ "Avnet MiniZed V1 1234-oj1A"} -index 0
loadhw -hw C:/EOS_JV/project2/project2.sdk/design_1_wrapper_hw_platform_0/system.hdf -mem-ranges [list {0x40000000 0xbfffffff}]
configparams force-mem-access 1
targets -set -nocase -filter {name =~"APU*" && jtag_cable_name =~ "Avnet MiniZed V1 1234-oj1A"} -index 0
stop
ps7_init
ps7_post_config
targets -set -nocase -filter {name =~ "ARM*#0" && jtag_cable_name =~ "Avnet MiniZed V1 1234-oj1A"} -index 0
rst -processor
targets -set -nocase -filter {name =~ "ARM*#0" && jtag_cable_name =~ "Avnet MiniZed V1 1234-oj1A"} -index 0
dow C:/EOS_JV/project2/project2.sdk/ExampleFreertos/Debug/ExampleFreertos.elf
configparams force-mem-access 0
----------------End of Script----------------

12:34:39 INFO  : Memory regions updated for context APU
12:34:39 INFO  : Context for processor 'ps7_cortexa9_0' is selected.
12:34:39 INFO  : 'con' command is executed.
12:34:39 INFO  : ----------------XSDB Script (After Launch)----------------
targets -set -nocase -filter {name =~ "ARM*#0" && jtag_cable_name =~ "Avnet MiniZed V1 1234-oj1A"} -index 0
con
----------------End of Script----------------

12:34:39 INFO  : Launch script is exported to file 'C:\EOS_JV\project2\project2.sdk\.sdk\launch_scripts\xilinx_c-c++_application_(system_debugger)\system_debugger_using_debug_examplefreertos.elf_on_local.tcl'
12:35:38 INFO  : Disconnected from the channel tcfchan#3.
12:35:39 INFO  : 'targets -set -filter {jtag_cable_name =~ "Avnet MiniZed V1 1234-oj1A" && level==0} -index 1' command is executed.
12:35:39 INFO  : 'fpga -state' command is executed.
12:35:39 INFO  : Connected to target on host '127.0.0.1' and port '3121'.
12:35:40 INFO  : Jtag cable 'Avnet MiniZed V1 1234-oj1A' is selected.
12:35:40 INFO  : 'jtag frequency' command is executed.
12:35:40 INFO  : Sourcing of 'C:/EOS_JV/project2/project2.sdk/design_1_wrapper_hw_platform_0/ps7_init.tcl' is done.
12:35:40 INFO  : Context for 'APU' is selected.
12:35:43 INFO  : Hardware design information is loaded from 'C:/EOS_JV/project2/project2.sdk/design_1_wrapper_hw_platform_0/system.hdf'.
12:35:43 INFO  : 'configparams force-mem-access 1' command is executed.
12:35:43 INFO  : Context for 'APU' is selected.
12:35:43 INFO  : 'stop' command is executed.
12:35:43 INFO  : 'ps7_init' command is executed.
12:35:43 INFO  : 'ps7_post_config' command is executed.
12:35:43 INFO  : Context for processor 'ps7_cortexa9_0' is selected.
12:35:43 INFO  : Processor reset is completed for 'ps7_cortexa9_0'.
12:35:43 INFO  : Context for processor 'ps7_cortexa9_0' is selected.
12:35:43 INFO  : The application 'C:/EOS_JV/project2/project2.sdk/ExampleFreertos/Debug/ExampleFreertos.elf' is downloaded to processor 'ps7_cortexa9_0'.
12:35:43 INFO  : 'configparams force-mem-access 0' command is executed.
12:35:43 INFO  : ----------------XSDB Script----------------
connect -url tcp:127.0.0.1:3121
source C:/EOS_JV/project2/project2.sdk/design_1_wrapper_hw_platform_0/ps7_init.tcl
targets -set -nocase -filter {name =~"APU*" && jtag_cable_name =~ "Avnet MiniZed V1 1234-oj1A"} -index 0
loadhw -hw C:/EOS_JV/project2/project2.sdk/design_1_wrapper_hw_platform_0/system.hdf -mem-ranges [list {0x40000000 0xbfffffff}]
configparams force-mem-access 1
targets -set -nocase -filter {name =~"APU*" && jtag_cable_name =~ "Avnet MiniZed V1 1234-oj1A"} -index 0
stop
ps7_init
ps7_post_config
targets -set -nocase -filter {name =~ "ARM*#0" && jtag_cable_name =~ "Avnet MiniZed V1 1234-oj1A"} -index 0
rst -processor
targets -set -nocase -filter {name =~ "ARM*#0" && jtag_cable_name =~ "Avnet MiniZed V1 1234-oj1A"} -index 0
dow C:/EOS_JV/project2/project2.sdk/ExampleFreertos/Debug/ExampleFreertos.elf
configparams force-mem-access 0
----------------End of Script----------------

12:35:44 INFO  : Memory regions updated for context APU
12:35:44 INFO  : Context for processor 'ps7_cortexa9_0' is selected.
12:35:44 INFO  : 'con' command is executed.
12:35:44 INFO  : ----------------XSDB Script (After Launch)----------------
targets -set -nocase -filter {name =~ "ARM*#0" && jtag_cable_name =~ "Avnet MiniZed V1 1234-oj1A"} -index 0
con
----------------End of Script----------------

12:35:44 INFO  : Launch script is exported to file 'C:\EOS_JV\project2\project2.sdk\.sdk\launch_scripts\xilinx_c-c++_application_(system_debugger)\system_debugger_using_debug_examplefreertos.elf_on_local.tcl'
12:36:28 INFO  : Disconnected from the channel tcfchan#4.
12:36:29 INFO  : 'targets -set -filter {jtag_cable_name =~ "Avnet MiniZed V1 1234-oj1A" && level==0} -index 1' command is executed.
12:36:29 INFO  : 'fpga -state' command is executed.
12:36:29 INFO  : Connected to target on host '127.0.0.1' and port '3121'.
12:36:29 INFO  : Jtag cable 'Avnet MiniZed V1 1234-oj1A' is selected.
12:36:29 INFO  : 'jtag frequency' command is executed.
12:36:29 INFO  : Sourcing of 'C:/EOS_JV/project2/project2.sdk/design_1_wrapper_hw_platform_0/ps7_init.tcl' is done.
12:36:29 INFO  : Context for 'APU' is selected.
12:36:32 INFO  : Hardware design information is loaded from 'C:/EOS_JV/project2/project2.sdk/design_1_wrapper_hw_platform_0/system.hdf'.
12:36:32 INFO  : 'configparams force-mem-access 1' command is executed.
12:36:32 INFO  : Context for 'APU' is selected.
12:36:32 INFO  : 'stop' command is executed.
12:36:32 INFO  : 'ps7_init' command is executed.
12:36:32 INFO  : 'ps7_post_config' command is executed.
12:36:32 INFO  : Context for processor 'ps7_cortexa9_0' is selected.
12:36:32 INFO  : Processor reset is completed for 'ps7_cortexa9_0'.
12:36:32 INFO  : Context for processor 'ps7_cortexa9_0' is selected.
12:36:33 INFO  : The application 'C:/EOS_JV/project2/project2.sdk/ExampleFreertos/Debug/ExampleFreertos.elf' is downloaded to processor 'ps7_cortexa9_0'.
12:36:33 INFO  : 'configparams force-mem-access 0' command is executed.
12:36:33 INFO  : ----------------XSDB Script----------------
connect -url tcp:127.0.0.1:3121
source C:/EOS_JV/project2/project2.sdk/design_1_wrapper_hw_platform_0/ps7_init.tcl
targets -set -nocase -filter {name =~"APU*" && jtag_cable_name =~ "Avnet MiniZed V1 1234-oj1A"} -index 0
loadhw -hw C:/EOS_JV/project2/project2.sdk/design_1_wrapper_hw_platform_0/system.hdf -mem-ranges [list {0x40000000 0xbfffffff}]
configparams force-mem-access 1
targets -set -nocase -filter {name =~"APU*" && jtag_cable_name =~ "Avnet MiniZed V1 1234-oj1A"} -index 0
stop
ps7_init
ps7_post_config
targets -set -nocase -filter {name =~ "ARM*#0" && jtag_cable_name =~ "Avnet MiniZed V1 1234-oj1A"} -index 0
rst -processor
targets -set -nocase -filter {name =~ "ARM*#0" && jtag_cable_name =~ "Avnet MiniZed V1 1234-oj1A"} -index 0
dow C:/EOS_JV/project2/project2.sdk/ExampleFreertos/Debug/ExampleFreertos.elf
configparams force-mem-access 0
----------------End of Script----------------

12:36:33 INFO  : Memory regions updated for context APU
12:36:33 INFO  : Context for processor 'ps7_cortexa9_0' is selected.
12:36:33 INFO  : 'con' command is executed.
12:36:33 INFO  : ----------------XSDB Script (After Launch)----------------
targets -set -nocase -filter {name =~ "ARM*#0" && jtag_cable_name =~ "Avnet MiniZed V1 1234-oj1A"} -index 0
con
----------------End of Script----------------

12:36:33 INFO  : Launch script is exported to file 'C:\EOS_JV\project2\project2.sdk\.sdk\launch_scripts\xilinx_c-c++_application_(system_debugger)\system_debugger_using_debug_examplefreertos.elf_on_local.tcl'
12:38:44 INFO  : Disconnected from the channel tcfchan#5.
12:38:45 INFO  : 'targets -set -filter {jtag_cable_name =~ "Avnet MiniZed V1 1234-oj1A" && level==0} -index 1' command is executed.
12:38:45 INFO  : 'fpga -state' command is executed.
12:38:45 INFO  : Connected to target on host '127.0.0.1' and port '3121'.
12:38:45 INFO  : Jtag cable 'Avnet MiniZed V1 1234-oj1A' is selected.
12:38:45 INFO  : 'jtag frequency' command is executed.
12:38:45 INFO  : Sourcing of 'C:/EOS_JV/project2/project2.sdk/design_1_wrapper_hw_platform_0/ps7_init.tcl' is done.
12:38:45 INFO  : Context for 'APU' is selected.
12:38:48 INFO  : Hardware design information is loaded from 'C:/EOS_JV/project2/project2.sdk/design_1_wrapper_hw_platform_0/system.hdf'.
12:38:48 INFO  : 'configparams force-mem-access 1' command is executed.
12:38:48 INFO  : Context for 'APU' is selected.
12:38:48 INFO  : 'stop' command is executed.
12:38:49 INFO  : 'ps7_init' command is executed.
12:38:49 INFO  : 'ps7_post_config' command is executed.
12:38:49 INFO  : Context for processor 'ps7_cortexa9_0' is selected.
12:38:49 INFO  : Processor reset is completed for 'ps7_cortexa9_0'.
12:38:49 INFO  : Context for processor 'ps7_cortexa9_0' is selected.
12:38:49 INFO  : The application 'C:/EOS_JV/project2/project2.sdk/ExampleFreertos/Debug/ExampleFreertos.elf' is downloaded to processor 'ps7_cortexa9_0'.
12:38:49 INFO  : 'configparams force-mem-access 0' command is executed.
12:38:49 INFO  : ----------------XSDB Script----------------
connect -url tcp:127.0.0.1:3121
source C:/EOS_JV/project2/project2.sdk/design_1_wrapper_hw_platform_0/ps7_init.tcl
targets -set -nocase -filter {name =~"APU*" && jtag_cable_name =~ "Avnet MiniZed V1 1234-oj1A"} -index 0
loadhw -hw C:/EOS_JV/project2/project2.sdk/design_1_wrapper_hw_platform_0/system.hdf -mem-ranges [list {0x40000000 0xbfffffff}]
configparams force-mem-access 1
targets -set -nocase -filter {name =~"APU*" && jtag_cable_name =~ "Avnet MiniZed V1 1234-oj1A"} -index 0
stop
ps7_init
ps7_post_config
targets -set -nocase -filter {name =~ "ARM*#0" && jtag_cable_name =~ "Avnet MiniZed V1 1234-oj1A"} -index 0
rst -processor
targets -set -nocase -filter {name =~ "ARM*#0" && jtag_cable_name =~ "Avnet MiniZed V1 1234-oj1A"} -index 0
dow C:/EOS_JV/project2/project2.sdk/ExampleFreertos/Debug/ExampleFreertos.elf
configparams force-mem-access 0
----------------End of Script----------------

12:38:49 INFO  : Memory regions updated for context APU
12:38:49 INFO  : Context for processor 'ps7_cortexa9_0' is selected.
12:38:49 INFO  : 'con' command is executed.
12:38:49 INFO  : ----------------XSDB Script (After Launch)----------------
targets -set -nocase -filter {name =~ "ARM*#0" && jtag_cable_name =~ "Avnet MiniZed V1 1234-oj1A"} -index 0
con
----------------End of Script----------------

12:38:49 INFO  : Launch script is exported to file 'C:\EOS_JV\project2\project2.sdk\.sdk\launch_scripts\xilinx_c-c++_application_(system_debugger)\system_debugger_using_debug_examplefreertos.elf_on_local.tcl'
12:46:52 INFO  : Disconnected from the channel tcfchan#6.
12:46:53 INFO  : 'targets -set -filter {jtag_cable_name =~ "Avnet MiniZed V1 1234-oj1A" && level==0} -index 1' command is executed.
12:46:53 INFO  : 'fpga -state' command is executed.
12:46:53 INFO  : Connected to target on host '127.0.0.1' and port '3121'.
12:46:53 INFO  : Jtag cable 'Avnet MiniZed V1 1234-oj1A' is selected.
12:46:53 INFO  : 'jtag frequency' command is executed.
12:46:53 INFO  : Sourcing of 'C:/EOS_JV/project2/project2.sdk/design_1_wrapper_hw_platform_0/ps7_init.tcl' is done.
12:46:53 INFO  : Context for 'APU' is selected.
12:46:56 INFO  : Hardware design information is loaded from 'C:/EOS_JV/project2/project2.sdk/design_1_wrapper_hw_platform_0/system.hdf'.
12:46:56 INFO  : 'configparams force-mem-access 1' command is executed.
12:46:56 INFO  : Context for 'APU' is selected.
12:46:56 INFO  : 'stop' command is executed.
12:46:56 INFO  : 'ps7_init' command is executed.
12:46:56 INFO  : 'ps7_post_config' command is executed.
12:46:56 INFO  : Context for processor 'ps7_cortexa9_0' is selected.
12:46:56 INFO  : Processor reset is completed for 'ps7_cortexa9_0'.
12:46:57 INFO  : Context for processor 'ps7_cortexa9_0' is selected.
12:46:57 INFO  : The application 'C:/EOS_JV/project2/project2.sdk/ExampleFreertos/Debug/ExampleFreertos.elf' is downloaded to processor 'ps7_cortexa9_0'.
12:46:57 INFO  : 'configparams force-mem-access 0' command is executed.
12:46:57 INFO  : ----------------XSDB Script----------------
connect -url tcp:127.0.0.1:3121
source C:/EOS_JV/project2/project2.sdk/design_1_wrapper_hw_platform_0/ps7_init.tcl
targets -set -nocase -filter {name =~"APU*" && jtag_cable_name =~ "Avnet MiniZed V1 1234-oj1A"} -index 0
loadhw -hw C:/EOS_JV/project2/project2.sdk/design_1_wrapper_hw_platform_0/system.hdf -mem-ranges [list {0x40000000 0xbfffffff}]
configparams force-mem-access 1
targets -set -nocase -filter {name =~"APU*" && jtag_cable_name =~ "Avnet MiniZed V1 1234-oj1A"} -index 0
stop
ps7_init
ps7_post_config
targets -set -nocase -filter {name =~ "ARM*#0" && jtag_cable_name =~ "Avnet MiniZed V1 1234-oj1A"} -index 0
rst -processor
targets -set -nocase -filter {name =~ "ARM*#0" && jtag_cable_name =~ "Avnet MiniZed V1 1234-oj1A"} -index 0
dow C:/EOS_JV/project2/project2.sdk/ExampleFreertos/Debug/ExampleFreertos.elf
configparams force-mem-access 0
----------------End of Script----------------

12:46:57 INFO  : Memory regions updated for context APU
12:46:57 INFO  : Context for processor 'ps7_cortexa9_0' is selected.
12:46:57 INFO  : 'con' command is executed.
12:46:57 INFO  : ----------------XSDB Script (After Launch)----------------
targets -set -nocase -filter {name =~ "ARM*#0" && jtag_cable_name =~ "Avnet MiniZed V1 1234-oj1A"} -index 0
con
----------------End of Script----------------

12:46:57 INFO  : Launch script is exported to file 'C:\EOS_JV\project2\project2.sdk\.sdk\launch_scripts\xilinx_c-c++_application_(system_debugger)\system_debugger_using_debug_examplefreertos.elf_on_local.tcl'
12:47:12 INFO  : Disconnected from the channel tcfchan#7.
12:47:13 INFO  : 'targets -set -filter {jtag_cable_name =~ "Avnet MiniZed V1 1234-oj1A" && level==0} -index 1' command is executed.
12:47:13 INFO  : 'fpga -state' command is executed.
12:47:13 INFO  : Connected to target on host '127.0.0.1' and port '3121'.
12:47:13 INFO  : Jtag cable 'Avnet MiniZed V1 1234-oj1A' is selected.
12:47:13 INFO  : 'jtag frequency' command is executed.
12:47:13 INFO  : Sourcing of 'C:/EOS_JV/project2/project2.sdk/design_1_wrapper_hw_platform_0/ps7_init.tcl' is done.
12:47:13 INFO  : Context for 'APU' is selected.
12:47:17 INFO  : Hardware design information is loaded from 'C:/EOS_JV/project2/project2.sdk/design_1_wrapper_hw_platform_0/system.hdf'.
12:47:17 INFO  : 'configparams force-mem-access 1' command is executed.
12:47:17 INFO  : Context for 'APU' is selected.
12:47:17 INFO  : 'stop' command is executed.
12:47:17 INFO  : 'ps7_init' command is executed.
12:47:17 INFO  : 'ps7_post_config' command is executed.
12:47:17 INFO  : Context for processor 'ps7_cortexa9_0' is selected.
12:47:17 INFO  : Processor reset is completed for 'ps7_cortexa9_0'.
12:47:17 INFO  : Context for processor 'ps7_cortexa9_0' is selected.
12:47:18 INFO  : The application 'C:/EOS_JV/project2/project2.sdk/ExampleFreertos/Debug/ExampleFreertos.elf' is downloaded to processor 'ps7_cortexa9_0'.
12:47:18 INFO  : 'configparams force-mem-access 0' command is executed.
12:47:18 INFO  : ----------------XSDB Script----------------
connect -url tcp:127.0.0.1:3121
source C:/EOS_JV/project2/project2.sdk/design_1_wrapper_hw_platform_0/ps7_init.tcl
targets -set -nocase -filter {name =~"APU*" && jtag_cable_name =~ "Avnet MiniZed V1 1234-oj1A"} -index 0
loadhw -hw C:/EOS_JV/project2/project2.sdk/design_1_wrapper_hw_platform_0/system.hdf -mem-ranges [list {0x40000000 0xbfffffff}]
configparams force-mem-access 1
targets -set -nocase -filter {name =~"APU*" && jtag_cable_name =~ "Avnet MiniZed V1 1234-oj1A"} -index 0
stop
ps7_init
ps7_post_config
targets -set -nocase -filter {name =~ "ARM*#0" && jtag_cable_name =~ "Avnet MiniZed V1 1234-oj1A"} -index 0
rst -processor
targets -set -nocase -filter {name =~ "ARM*#0" && jtag_cable_name =~ "Avnet MiniZed V1 1234-oj1A"} -index 0
dow C:/EOS_JV/project2/project2.sdk/ExampleFreertos/Debug/ExampleFreertos.elf
configparams force-mem-access 0
----------------End of Script----------------

12:47:18 INFO  : Memory regions updated for context APU
12:47:18 INFO  : Context for processor 'ps7_cortexa9_0' is selected.
12:47:18 INFO  : 'con' command is executed.
12:47:18 INFO  : ----------------XSDB Script (After Launch)----------------
targets -set -nocase -filter {name =~ "ARM*#0" && jtag_cable_name =~ "Avnet MiniZed V1 1234-oj1A"} -index 0
con
----------------End of Script----------------

12:47:18 INFO  : Launch script is exported to file 'C:\EOS_JV\project2\project2.sdk\.sdk\launch_scripts\xilinx_c-c++_application_(system_debugger)\system_debugger_using_debug_examplefreertos.elf_on_local.tcl'
12:48:15 INFO  : Disconnected from the channel tcfchan#8.
12:48:17 INFO  : 'targets -set -filter {jtag_cable_name =~ "Avnet MiniZed V1 1234-oj1A" && level==0} -index 1' command is executed.
12:48:17 INFO  : 'fpga -state' command is executed.
12:48:17 INFO  : Connected to target on host '127.0.0.1' and port '3121'.
12:48:17 INFO  : Jtag cable 'Avnet MiniZed V1 1234-oj1A' is selected.
12:48:17 INFO  : 'jtag frequency' command is executed.
12:48:17 INFO  : Sourcing of 'C:/EOS_JV/project2/project2.sdk/design_1_wrapper_hw_platform_0/ps7_init.tcl' is done.
12:48:17 INFO  : Context for 'APU' is selected.
12:48:20 INFO  : Hardware design information is loaded from 'C:/EOS_JV/project2/project2.sdk/design_1_wrapper_hw_platform_0/system.hdf'.
12:48:20 INFO  : 'configparams force-mem-access 1' command is executed.
12:48:20 INFO  : Context for 'APU' is selected.
12:48:20 INFO  : 'stop' command is executed.
12:48:20 INFO  : 'ps7_init' command is executed.
12:48:20 INFO  : 'ps7_post_config' command is executed.
12:48:20 INFO  : Context for processor 'ps7_cortexa9_0' is selected.
12:48:20 INFO  : Processor reset is completed for 'ps7_cortexa9_0'.
12:48:20 INFO  : Context for processor 'ps7_cortexa9_0' is selected.
12:48:21 INFO  : The application 'C:/EOS_JV/project2/project2.sdk/ExampleFreertos/Debug/ExampleFreertos.elf' is downloaded to processor 'ps7_cortexa9_0'.
12:48:21 INFO  : 'configparams force-mem-access 0' command is executed.
12:48:21 INFO  : ----------------XSDB Script----------------
connect -url tcp:127.0.0.1:3121
source C:/EOS_JV/project2/project2.sdk/design_1_wrapper_hw_platform_0/ps7_init.tcl
targets -set -nocase -filter {name =~"APU*" && jtag_cable_name =~ "Avnet MiniZed V1 1234-oj1A"} -index 0
loadhw -hw C:/EOS_JV/project2/project2.sdk/design_1_wrapper_hw_platform_0/system.hdf -mem-ranges [list {0x40000000 0xbfffffff}]
configparams force-mem-access 1
targets -set -nocase -filter {name =~"APU*" && jtag_cable_name =~ "Avnet MiniZed V1 1234-oj1A"} -index 0
stop
ps7_init
ps7_post_config
targets -set -nocase -filter {name =~ "ARM*#0" && jtag_cable_name =~ "Avnet MiniZed V1 1234-oj1A"} -index 0
rst -processor
targets -set -nocase -filter {name =~ "ARM*#0" && jtag_cable_name =~ "Avnet MiniZed V1 1234-oj1A"} -index 0
dow C:/EOS_JV/project2/project2.sdk/ExampleFreertos/Debug/ExampleFreertos.elf
configparams force-mem-access 0
----------------End of Script----------------

12:48:21 INFO  : Memory regions updated for context APU
12:48:21 INFO  : Context for processor 'ps7_cortexa9_0' is selected.
12:48:21 INFO  : 'con' command is executed.
12:48:21 INFO  : ----------------XSDB Script (After Launch)----------------
targets -set -nocase -filter {name =~ "ARM*#0" && jtag_cable_name =~ "Avnet MiniZed V1 1234-oj1A"} -index 0
con
----------------End of Script----------------

12:48:21 INFO  : Launch script is exported to file 'C:\EOS_JV\project2\project2.sdk\.sdk\launch_scripts\xilinx_c-c++_application_(system_debugger)\system_debugger_using_debug_examplefreertos.elf_on_local.tcl'
12:48:41 INFO  : Disconnected from the channel tcfchan#9.
12:48:42 INFO  : 'targets -set -filter {jtag_cable_name =~ "Avnet MiniZed V1 1234-oj1A" && level==0} -index 1' command is executed.
12:48:42 INFO  : 'fpga -state' command is executed.
12:48:42 INFO  : Connected to target on host '127.0.0.1' and port '3121'.
12:48:42 INFO  : Jtag cable 'Avnet MiniZed V1 1234-oj1A' is selected.
12:48:42 INFO  : 'jtag frequency' command is executed.
12:48:42 INFO  : Sourcing of 'C:/EOS_JV/project2/project2.sdk/design_1_wrapper_hw_platform_0/ps7_init.tcl' is done.
12:48:42 INFO  : Context for 'APU' is selected.
12:48:44 INFO  : Hardware design information is loaded from 'C:/EOS_JV/project2/project2.sdk/design_1_wrapper_hw_platform_0/system.hdf'.
12:48:45 INFO  : 'configparams force-mem-access 1' command is executed.
12:48:45 INFO  : Context for 'APU' is selected.
12:48:45 INFO  : 'stop' command is executed.
12:48:45 INFO  : 'ps7_init' command is executed.
12:48:45 INFO  : 'ps7_post_config' command is executed.
12:48:45 INFO  : Context for processor 'ps7_cortexa9_0' is selected.
12:48:45 INFO  : Processor reset is completed for 'ps7_cortexa9_0'.
12:48:45 INFO  : Context for processor 'ps7_cortexa9_0' is selected.
12:48:45 INFO  : The application 'C:/EOS_JV/project2/project2.sdk/ExampleFreertos/Debug/ExampleFreertos.elf' is downloaded to processor 'ps7_cortexa9_0'.
12:48:45 INFO  : 'configparams force-mem-access 0' command is executed.
12:48:45 INFO  : ----------------XSDB Script----------------
connect -url tcp:127.0.0.1:3121
source C:/EOS_JV/project2/project2.sdk/design_1_wrapper_hw_platform_0/ps7_init.tcl
targets -set -nocase -filter {name =~"APU*" && jtag_cable_name =~ "Avnet MiniZed V1 1234-oj1A"} -index 0
loadhw -hw C:/EOS_JV/project2/project2.sdk/design_1_wrapper_hw_platform_0/system.hdf -mem-ranges [list {0x40000000 0xbfffffff}]
configparams force-mem-access 1
targets -set -nocase -filter {name =~"APU*" && jtag_cable_name =~ "Avnet MiniZed V1 1234-oj1A"} -index 0
stop
ps7_init
ps7_post_config
targets -set -nocase -filter {name =~ "ARM*#0" && jtag_cable_name =~ "Avnet MiniZed V1 1234-oj1A"} -index 0
rst -processor
targets -set -nocase -filter {name =~ "ARM*#0" && jtag_cable_name =~ "Avnet MiniZed V1 1234-oj1A"} -index 0
dow C:/EOS_JV/project2/project2.sdk/ExampleFreertos/Debug/ExampleFreertos.elf
configparams force-mem-access 0
----------------End of Script----------------

12:48:45 INFO  : Memory regions updated for context APU
12:48:46 INFO  : Context for processor 'ps7_cortexa9_0' is selected.
12:48:46 INFO  : 'con' command is executed.
12:48:46 INFO  : ----------------XSDB Script (After Launch)----------------
targets -set -nocase -filter {name =~ "ARM*#0" && jtag_cable_name =~ "Avnet MiniZed V1 1234-oj1A"} -index 0
con
----------------End of Script----------------

12:48:46 INFO  : Launch script is exported to file 'C:\EOS_JV\project2\project2.sdk\.sdk\launch_scripts\xilinx_c-c++_application_(system_debugger)\system_debugger_using_debug_examplefreertos.elf_on_local.tcl'
12:49:37 INFO  : Disconnected from the channel tcfchan#10.
12:49:38 INFO  : 'targets -set -filter {jtag_cable_name =~ "Avnet MiniZed V1 1234-oj1A" && level==0} -index 1' command is executed.
12:49:38 INFO  : 'fpga -state' command is executed.
12:49:38 INFO  : Connected to target on host '127.0.0.1' and port '3121'.
12:49:38 INFO  : Jtag cable 'Avnet MiniZed V1 1234-oj1A' is selected.
12:49:38 INFO  : 'jtag frequency' command is executed.
12:49:38 INFO  : Sourcing of 'C:/EOS_JV/project2/project2.sdk/design_1_wrapper_hw_platform_0/ps7_init.tcl' is done.
12:49:38 INFO  : Context for 'APU' is selected.
12:49:41 INFO  : Hardware design information is loaded from 'C:/EOS_JV/project2/project2.sdk/design_1_wrapper_hw_platform_0/system.hdf'.
12:49:41 INFO  : 'configparams force-mem-access 1' command is executed.
12:49:41 INFO  : Context for 'APU' is selected.
12:49:41 INFO  : 'stop' command is executed.
12:49:41 INFO  : 'ps7_init' command is executed.
12:49:41 INFO  : 'ps7_post_config' command is executed.
12:49:41 INFO  : Context for processor 'ps7_cortexa9_0' is selected.
12:49:41 INFO  : Processor reset is completed for 'ps7_cortexa9_0'.
12:49:41 INFO  : Context for processor 'ps7_cortexa9_0' is selected.
12:49:41 INFO  : The application 'C:/EOS_JV/project2/project2.sdk/ExampleFreertos/Debug/ExampleFreertos.elf' is downloaded to processor 'ps7_cortexa9_0'.
12:49:41 INFO  : 'configparams force-mem-access 0' command is executed.
12:49:41 INFO  : ----------------XSDB Script----------------
connect -url tcp:127.0.0.1:3121
source C:/EOS_JV/project2/project2.sdk/design_1_wrapper_hw_platform_0/ps7_init.tcl
targets -set -nocase -filter {name =~"APU*" && jtag_cable_name =~ "Avnet MiniZed V1 1234-oj1A"} -index 0
loadhw -hw C:/EOS_JV/project2/project2.sdk/design_1_wrapper_hw_platform_0/system.hdf -mem-ranges [list {0x40000000 0xbfffffff}]
configparams force-mem-access 1
targets -set -nocase -filter {name =~"APU*" && jtag_cable_name =~ "Avnet MiniZed V1 1234-oj1A"} -index 0
stop
ps7_init
ps7_post_config
targets -set -nocase -filter {name =~ "ARM*#0" && jtag_cable_name =~ "Avnet MiniZed V1 1234-oj1A"} -index 0
rst -processor
targets -set -nocase -filter {name =~ "ARM*#0" && jtag_cable_name =~ "Avnet MiniZed V1 1234-oj1A"} -index 0
dow C:/EOS_JV/project2/project2.sdk/ExampleFreertos/Debug/ExampleFreertos.elf
configparams force-mem-access 0
----------------End of Script----------------

12:49:42 INFO  : Memory regions updated for context APU
12:49:42 INFO  : Context for processor 'ps7_cortexa9_0' is selected.
12:49:42 INFO  : 'con' command is executed.
12:49:42 INFO  : ----------------XSDB Script (After Launch)----------------
targets -set -nocase -filter {name =~ "ARM*#0" && jtag_cable_name =~ "Avnet MiniZed V1 1234-oj1A"} -index 0
con
----------------End of Script----------------

12:49:42 INFO  : Launch script is exported to file 'C:\EOS_JV\project2\project2.sdk\.sdk\launch_scripts\xilinx_c-c++_application_(system_debugger)\system_debugger_using_debug_examplefreertos.elf_on_local.tcl'
12:51:15 INFO  : Disconnected from the channel tcfchan#11.
