15:30:17 INFO  : Registering command handlers for SDK TCF services
15:30:18 INFO  : Launching XSCT server: xsct.bat -interactive C:\EOS_JV\Project3\Project3.sdk\temp_xsdb_launch_script.tcl
15:30:23 INFO  : XSCT server has started successfully.
15:30:26 INFO  : Successfully done setting XSCT server connection channel  
15:30:26 INFO  : Processing command line option -hwspec C:/EOS_JV/Project3/Project3.sdk/design_1_wrapper.hdf.
15:30:26 INFO  : Successfully done setting SDK workspace  
15:38:12 INFO  : Refreshed build settings on project ExampleC
15:46:38 INFO  : Connected to target on host '127.0.0.1' and port '3121'.
15:46:40 INFO  : 'targets -set -filter {jtag_cable_name =~ "Avnet MiniZed V1 1234-oj1A" && level==0} -index 1' command is executed.
15:46:41 INFO  : FPGA configured successfully with bitstream "C:/EOS_JV/Project3/Project3.sdk/design_1_wrapper_hw_platform_0/design_1_wrapper.bit"
15:46:51 INFO  : 'targets -set -filter {jtag_cable_name =~ "Avnet MiniZed V1 1234-oj1A" && level==0} -index 1' command is executed.
15:46:51 INFO  : 'fpga -state' command is executed.
15:46:51 INFO  : Connected to target on host '127.0.0.1' and port '3121'.
15:46:52 INFO  : Jtag cable 'Avnet MiniZed V1 1234-oj1A' is selected.
15:46:52 INFO  : 'jtag frequency' command is executed.
15:46:52 INFO  : Sourcing of 'C:/EOS_JV/Project3/Project3.sdk/design_1_wrapper_hw_platform_0/ps7_init.tcl' is done.
15:46:52 INFO  : Context for 'APU' is selected.
15:46:52 INFO  : Hardware design information is loaded from 'C:/EOS_JV/Project3/Project3.sdk/design_1_wrapper_hw_platform_0/system.hdf'.
15:46:52 INFO  : 'configparams force-mem-access 1' command is executed.
15:46:52 INFO  : Context for 'APU' is selected.
15:46:52 INFO  : 'stop' command is executed.
15:46:52 INFO  : 'ps7_init' command is executed.
15:46:52 INFO  : 'ps7_post_config' command is executed.
15:46:52 INFO  : Context for processor 'ps7_cortexa9_0' is selected.
15:46:52 INFO  : Processor reset is completed for 'ps7_cortexa9_0'.
15:46:53 INFO  : Context for processor 'ps7_cortexa9_0' is selected.
15:46:53 INFO  : The application 'C:/EOS_JV/Project3/Project3.sdk/ExampleC/Debug/ExampleC.elf' is downloaded to processor 'ps7_cortexa9_0'.
15:46:53 INFO  : 'configparams force-mem-access 0' command is executed.
15:46:53 INFO  : ----------------XSDB Script----------------
connect -url tcp:127.0.0.1:3121
source C:/EOS_JV/Project3/Project3.sdk/design_1_wrapper_hw_platform_0/ps7_init.tcl
targets -set -nocase -filter {name =~"APU*" && jtag_cable_name =~ "Avnet MiniZed V1 1234-oj1A"} -index 0
loadhw -hw C:/EOS_JV/Project3/Project3.sdk/design_1_wrapper_hw_platform_0/system.hdf -mem-ranges [list {0x40000000 0xbfffffff}]
configparams force-mem-access 1
targets -set -nocase -filter {name =~"APU*" && jtag_cable_name =~ "Avnet MiniZed V1 1234-oj1A"} -index 0
stop
ps7_init
ps7_post_config
targets -set -nocase -filter {name =~ "ARM*#0" && jtag_cable_name =~ "Avnet MiniZed V1 1234-oj1A"} -index 0
rst -processor
targets -set -nocase -filter {name =~ "ARM*#0" && jtag_cable_name =~ "Avnet MiniZed V1 1234-oj1A"} -index 0
dow C:/EOS_JV/Project3/Project3.sdk/ExampleC/Debug/ExampleC.elf
configparams force-mem-access 0
----------------End of Script----------------

15:46:53 INFO  : Memory regions updated for context APU
15:46:53 INFO  : Context for processor 'ps7_cortexa9_0' is selected.
15:46:53 INFO  : 'con' command is executed.
15:46:53 INFO  : ----------------XSDB Script (After Launch)----------------
targets -set -nocase -filter {name =~ "ARM*#0" && jtag_cable_name =~ "Avnet MiniZed V1 1234-oj1A"} -index 0
con
----------------End of Script----------------

15:46:53 INFO  : Launch script is exported to file 'C:\EOS_JV\Project3\Project3.sdk\.sdk\launch_scripts\xilinx_c-c++_application_(system_debugger)\system_debugger_using_debug_examplec.elf_on_local.tcl'
16:39:20 INFO  : Disconnected from the channel tcfchan#1.
16:39:21 INFO  : 'targets -set -filter {jtag_cable_name =~ "Avnet MiniZed V1 1234-oj1A" && level==0} -index 1' command is executed.
16:39:21 INFO  : 'fpga -state' command is executed.
16:39:21 INFO  : Connected to target on host '127.0.0.1' and port '3121'.
16:39:22 INFO  : Jtag cable 'Avnet MiniZed V1 1234-oj1A' is selected.
16:39:22 INFO  : 'jtag frequency' command is executed.
16:39:22 INFO  : Sourcing of 'C:/EOS_JV/Project3/Project3.sdk/design_1_wrapper_hw_platform_0/ps7_init.tcl' is done.
16:39:22 INFO  : Context for 'APU' is selected.
16:39:24 INFO  : Hardware design information is loaded from 'C:/EOS_JV/Project3/Project3.sdk/design_1_wrapper_hw_platform_0/system.hdf'.
16:39:24 INFO  : 'configparams force-mem-access 1' command is executed.
16:39:24 INFO  : Context for 'APU' is selected.
16:39:24 INFO  : 'stop' command is executed.
16:39:25 INFO  : 'ps7_init' command is executed.
16:39:25 INFO  : 'ps7_post_config' command is executed.
16:39:25 INFO  : Context for processor 'ps7_cortexa9_0' is selected.
16:39:25 INFO  : Processor reset is completed for 'ps7_cortexa9_0'.
16:39:25 INFO  : Context for processor 'ps7_cortexa9_0' is selected.
16:39:25 INFO  : The application 'C:/EOS_JV/Project3/Project3.sdk/ExampleFreertos/Debug/ExampleFreertos.elf' is downloaded to processor 'ps7_cortexa9_0'.
16:39:25 INFO  : 'configparams force-mem-access 0' command is executed.
16:39:25 INFO  : ----------------XSDB Script----------------
connect -url tcp:127.0.0.1:3121
source C:/EOS_JV/Project3/Project3.sdk/design_1_wrapper_hw_platform_0/ps7_init.tcl
targets -set -nocase -filter {name =~"APU*" && jtag_cable_name =~ "Avnet MiniZed V1 1234-oj1A"} -index 0
loadhw -hw C:/EOS_JV/Project3/Project3.sdk/design_1_wrapper_hw_platform_0/system.hdf -mem-ranges [list {0x40000000 0xbfffffff}]
configparams force-mem-access 1
targets -set -nocase -filter {name =~"APU*" && jtag_cable_name =~ "Avnet MiniZed V1 1234-oj1A"} -index 0
stop
ps7_init
ps7_post_config
targets -set -nocase -filter {name =~ "ARM*#0" && jtag_cable_name =~ "Avnet MiniZed V1 1234-oj1A"} -index 0
rst -processor
targets -set -nocase -filter {name =~ "ARM*#0" && jtag_cable_name =~ "Avnet MiniZed V1 1234-oj1A"} -index 0
dow C:/EOS_JV/Project3/Project3.sdk/ExampleFreertos/Debug/ExampleFreertos.elf
configparams force-mem-access 0
----------------End of Script----------------

16:39:25 INFO  : Memory regions updated for context APU
16:39:25 INFO  : Context for processor 'ps7_cortexa9_0' is selected.
16:39:25 INFO  : 'con' command is executed.
16:39:25 INFO  : ----------------XSDB Script (After Launch)----------------
targets -set -nocase -filter {name =~ "ARM*#0" && jtag_cable_name =~ "Avnet MiniZed V1 1234-oj1A"} -index 0
con
----------------End of Script----------------

16:39:25 INFO  : Launch script is exported to file 'C:\EOS_JV\Project3\Project3.sdk\.sdk\launch_scripts\xilinx_c-c++_application_(system_debugger)\system_debugger_using_debug_examplefreertos.elf_on_local.tcl'
16:39:50 INFO  : Disconnected from the channel tcfchan#2.
16:39:51 INFO  : 'targets -set -filter {jtag_cable_name =~ "Avnet MiniZed V1 1234-oj1A" && level==0} -index 1' command is executed.
16:39:51 INFO  : 'fpga -state' command is executed.
16:39:51 INFO  : Connected to target on host '127.0.0.1' and port '3121'.
16:39:52 INFO  : ----------------XSDB Script----------------
connect -url tcp:127.0.0.1:3121
----------------End of Script----------------

16:43:01 INFO  : 'targets -set -filter {jtag_cable_name =~ "Avnet MiniZed V1 1234-oj1A" && level==0} -index 1' command is executed.
16:43:01 INFO  : 'fpga -state' command is executed.
16:43:01 INFO  : Connected to target on host '127.0.0.1' and port '3121'.
16:43:02 INFO  : Jtag cable 'Avnet MiniZed V1 1234-oj1A' is selected.
16:43:02 INFO  : 'jtag frequency' command is executed.
16:43:02 INFO  : Sourcing of 'C:/EOS_JV/Project3/Project3.sdk/design_1_wrapper_hw_platform_0/ps7_init.tcl' is done.
16:43:02 INFO  : Context for 'APU' is selected.
16:43:02 INFO  : Hardware design information is loaded from 'C:/EOS_JV/Project3/Project3.sdk/design_1_wrapper_hw_platform_0/system.hdf'.
16:43:02 INFO  : 'configparams force-mem-access 1' command is executed.
16:43:02 INFO  : Context for 'APU' is selected.
16:43:02 INFO  : 'stop' command is executed.
16:43:03 INFO  : 'ps7_init' command is executed.
16:43:03 INFO  : 'ps7_post_config' command is executed.
16:43:03 INFO  : Context for processor 'ps7_cortexa9_0' is selected.
16:43:03 INFO  : Processor reset is completed for 'ps7_cortexa9_0'.
16:43:03 INFO  : Context for processor 'ps7_cortexa9_0' is selected.
16:43:03 INFO  : The application 'C:/EOS_JV/Project3/Project3.sdk/ExampleFreertos/Debug/ExampleFreertos.elf' is downloaded to processor 'ps7_cortexa9_0'.
16:43:03 INFO  : 'configparams force-mem-access 0' command is executed.
16:43:03 INFO  : ----------------XSDB Script----------------
connect -url tcp:127.0.0.1:3121
source C:/EOS_JV/Project3/Project3.sdk/design_1_wrapper_hw_platform_0/ps7_init.tcl
targets -set -nocase -filter {name =~"APU*" && jtag_cable_name =~ "Avnet MiniZed V1 1234-oj1A"} -index 0
loadhw -hw C:/EOS_JV/Project3/Project3.sdk/design_1_wrapper_hw_platform_0/system.hdf -mem-ranges [list {0x40000000 0xbfffffff}]
configparams force-mem-access 1
targets -set -nocase -filter {name =~"APU*" && jtag_cable_name =~ "Avnet MiniZed V1 1234-oj1A"} -index 0
stop
ps7_init
ps7_post_config
targets -set -nocase -filter {name =~ "ARM*#0" && jtag_cable_name =~ "Avnet MiniZed V1 1234-oj1A"} -index 0
rst -processor
targets -set -nocase -filter {name =~ "ARM*#0" && jtag_cable_name =~ "Avnet MiniZed V1 1234-oj1A"} -index 0
dow C:/EOS_JV/Project3/Project3.sdk/ExampleFreertos/Debug/ExampleFreertos.elf
configparams force-mem-access 0
----------------End of Script----------------

16:43:03 INFO  : Memory regions updated for context APU
16:43:03 INFO  : Context for processor 'ps7_cortexa9_0' is selected.
16:43:03 INFO  : 'con' command is executed.
16:43:03 INFO  : ----------------XSDB Script (After Launch)----------------
targets -set -nocase -filter {name =~ "ARM*#0" && jtag_cable_name =~ "Avnet MiniZed V1 1234-oj1A"} -index 0
con
----------------End of Script----------------

16:43:03 INFO  : Launch script is exported to file 'C:\EOS_JV\Project3\Project3.sdk\.sdk\launch_scripts\xilinx_c-c++_application_(system_debugger)\system_debugger_using_debug_examplefreertos.elf_on_local.tcl'
16:43:40 INFO  : Refreshed build settings on project ExampleFreertos
16:45:47 INFO  : Disconnected from the channel tcfchan#3.
16:45:48 INFO  : 'targets -set -filter {jtag_cable_name =~ "Avnet MiniZed V1 1234-oj1A" && level==0} -index 1' command is executed.
16:45:48 INFO  : 'fpga -state' command is executed.
16:45:48 INFO  : Connected to target on host '127.0.0.1' and port '3121'.
16:45:48 INFO  : Jtag cable 'Avnet MiniZed V1 1234-oj1A' is selected.
16:45:48 INFO  : 'jtag frequency' command is executed.
16:45:48 INFO  : Sourcing of 'C:/EOS_JV/Project3/Project3.sdk/design_1_wrapper_hw_platform_0/ps7_init.tcl' is done.
16:45:48 INFO  : Context for 'APU' is selected.
16:45:51 INFO  : Hardware design information is loaded from 'C:/EOS_JV/Project3/Project3.sdk/design_1_wrapper_hw_platform_0/system.hdf'.
16:45:51 INFO  : 'configparams force-mem-access 1' command is executed.
16:45:51 INFO  : Context for 'APU' is selected.
16:45:51 INFO  : 'stop' command is executed.
16:45:51 INFO  : 'ps7_init' command is executed.
16:45:51 INFO  : 'ps7_post_config' command is executed.
16:45:51 INFO  : Context for processor 'ps7_cortexa9_0' is selected.
16:45:51 INFO  : Processor reset is completed for 'ps7_cortexa9_0'.
16:45:51 INFO  : Context for processor 'ps7_cortexa9_0' is selected.
16:45:51 INFO  : The application 'C:/EOS_JV/Project3/Project3.sdk/ExampleFreertos/Debug/ExampleFreertos.elf' is downloaded to processor 'ps7_cortexa9_0'.
16:45:51 INFO  : 'configparams force-mem-access 0' command is executed.
16:45:51 INFO  : ----------------XSDB Script----------------
connect -url tcp:127.0.0.1:3121
source C:/EOS_JV/Project3/Project3.sdk/design_1_wrapper_hw_platform_0/ps7_init.tcl
targets -set -nocase -filter {name =~"APU*" && jtag_cable_name =~ "Avnet MiniZed V1 1234-oj1A"} -index 0
loadhw -hw C:/EOS_JV/Project3/Project3.sdk/design_1_wrapper_hw_platform_0/system.hdf -mem-ranges [list {0x40000000 0xbfffffff}]
configparams force-mem-access 1
targets -set -nocase -filter {name =~"APU*" && jtag_cable_name =~ "Avnet MiniZed V1 1234-oj1A"} -index 0
stop
ps7_init
ps7_post_config
targets -set -nocase -filter {name =~ "ARM*#0" && jtag_cable_name =~ "Avnet MiniZed V1 1234-oj1A"} -index 0
rst -processor
targets -set -nocase -filter {name =~ "ARM*#0" && jtag_cable_name =~ "Avnet MiniZed V1 1234-oj1A"} -index 0
dow C:/EOS_JV/Project3/Project3.sdk/ExampleFreertos/Debug/ExampleFreertos.elf
configparams force-mem-access 0
----------------End of Script----------------

16:45:52 INFO  : Memory regions updated for context APU
16:45:52 INFO  : Context for processor 'ps7_cortexa9_0' is selected.
16:45:52 INFO  : 'con' command is executed.
16:45:52 INFO  : ----------------XSDB Script (After Launch)----------------
targets -set -nocase -filter {name =~ "ARM*#0" && jtag_cable_name =~ "Avnet MiniZed V1 1234-oj1A"} -index 0
con
----------------End of Script----------------

16:45:52 INFO  : Launch script is exported to file 'C:\EOS_JV\Project3\Project3.sdk\.sdk\launch_scripts\xilinx_c-c++_application_(system_debugger)\system_debugger_using_debug_examplefreertos.elf_on_local.tcl'
16:46:16 INFO  : Disconnected from the channel tcfchan#4.
16:46:17 INFO  : 'targets -set -filter {jtag_cable_name =~ "Avnet MiniZed V1 1234-oj1A" && level==0} -index 1' command is executed.
16:46:17 INFO  : 'fpga -state' command is executed.
16:46:17 INFO  : Connected to target on host '127.0.0.1' and port '3121'.
16:46:17 INFO  : Jtag cable 'Avnet MiniZed V1 1234-oj1A' is selected.
16:46:17 INFO  : 'jtag frequency' command is executed.
16:46:17 INFO  : Sourcing of 'C:/EOS_JV/Project3/Project3.sdk/design_1_wrapper_hw_platform_0/ps7_init.tcl' is done.
16:46:17 INFO  : Context for 'APU' is selected.
16:46:20 INFO  : Hardware design information is loaded from 'C:/EOS_JV/Project3/Project3.sdk/design_1_wrapper_hw_platform_0/system.hdf'.
16:46:20 INFO  : 'configparams force-mem-access 1' command is executed.
16:46:20 INFO  : Context for 'APU' is selected.
16:46:20 INFO  : 'stop' command is executed.
16:46:20 INFO  : 'ps7_init' command is executed.
16:46:20 INFO  : 'ps7_post_config' command is executed.
16:46:20 INFO  : Context for processor 'ps7_cortexa9_0' is selected.
16:46:20 INFO  : Processor reset is completed for 'ps7_cortexa9_0'.
16:46:20 INFO  : Context for processor 'ps7_cortexa9_0' is selected.
16:46:21 INFO  : The application 'C:/EOS_JV/Project3/Project3.sdk/ExampleFreertos/Debug/ExampleFreertos.elf' is downloaded to processor 'ps7_cortexa9_0'.
16:46:21 INFO  : 'configparams force-mem-access 0' command is executed.
16:46:21 INFO  : ----------------XSDB Script----------------
connect -url tcp:127.0.0.1:3121
source C:/EOS_JV/Project3/Project3.sdk/design_1_wrapper_hw_platform_0/ps7_init.tcl
targets -set -nocase -filter {name =~"APU*" && jtag_cable_name =~ "Avnet MiniZed V1 1234-oj1A"} -index 0
loadhw -hw C:/EOS_JV/Project3/Project3.sdk/design_1_wrapper_hw_platform_0/system.hdf -mem-ranges [list {0x40000000 0xbfffffff}]
configparams force-mem-access 1
targets -set -nocase -filter {name =~"APU*" && jtag_cable_name =~ "Avnet MiniZed V1 1234-oj1A"} -index 0
stop
ps7_init
ps7_post_config
targets -set -nocase -filter {name =~ "ARM*#0" && jtag_cable_name =~ "Avnet MiniZed V1 1234-oj1A"} -index 0
rst -processor
targets -set -nocase -filter {name =~ "ARM*#0" && jtag_cable_name =~ "Avnet MiniZed V1 1234-oj1A"} -index 0
dow C:/EOS_JV/Project3/Project3.sdk/ExampleFreertos/Debug/ExampleFreertos.elf
configparams force-mem-access 0
----------------End of Script----------------

16:46:21 INFO  : Memory regions updated for context APU
16:46:21 INFO  : Context for processor 'ps7_cortexa9_0' is selected.
16:46:21 INFO  : 'con' command is executed.
16:46:21 INFO  : ----------------XSDB Script (After Launch)----------------
targets -set -nocase -filter {name =~ "ARM*#0" && jtag_cable_name =~ "Avnet MiniZed V1 1234-oj1A"} -index 0
con
----------------End of Script----------------

16:46:21 INFO  : Launch script is exported to file 'C:\EOS_JV\Project3\Project3.sdk\.sdk\launch_scripts\xilinx_c-c++_application_(system_debugger)\system_debugger_using_debug_examplefreertos.elf_on_local.tcl'
16:46:32 INFO  : Disconnected from the channel tcfchan#5.
