19:39:52 INFO  : Registering command handlers for SDK TCF services
19:39:53 INFO  : Launching XSCT server: xsct.bat -interactive C:\EOS_JV\Project5\Project5.sdk\temp_xsdb_launch_script.tcl
19:39:58 INFO  : XSCT server has started successfully.
19:39:58 INFO  : Processing command line option -hwspec C:/EOS_JV/Project5/Project5.sdk/design_1_wrapper.hdf.
19:39:58 INFO  : Successfully done setting XSCT server connection channel  
19:39:58 INFO  : Successfully done setting SDK workspace  
20:21:16 INFO  : Connected to target on host '127.0.0.1' and port '3121'.
20:21:16 INFO  : 'targets -set -filter {jtag_cable_name =~ "Avnet MiniZed V1 1234-oj1A" && level==0} -index 1' command is executed.
20:21:18 INFO  : FPGA configured successfully with bitstream "C:/EOS_JV/Project5/Project5.sdk/design_1_wrapper_hw_platform_0/design_1_wrapper.bit"
20:22:11 INFO  : 'targets -set -filter {jtag_cable_name =~ "Avnet MiniZed V1 1234-oj1A" && level==0} -index 1' command is executed.
20:22:11 INFO  : 'fpga -state' command is executed.
20:22:11 INFO  : Connected to target on host '127.0.0.1' and port '3121'.
20:22:11 INFO  : Jtag cable 'Avnet MiniZed V1 1234-oj1A' is selected.
20:22:11 INFO  : 'jtag frequency' command is executed.
20:22:11 INFO  : Sourcing of 'C:/EOS_JV/Project5/Project5.sdk/design_1_wrapper_hw_platform_0/ps7_init.tcl' is done.
20:22:11 INFO  : Context for 'APU' is selected.
20:22:11 INFO  : Hardware design information is loaded from 'C:/EOS_JV/Project5/Project5.sdk/design_1_wrapper_hw_platform_0/system.hdf'.
20:22:11 INFO  : 'configparams force-mem-access 1' command is executed.
20:22:11 INFO  : Context for 'APU' is selected.
20:22:11 INFO  : 'stop' command is executed.
20:22:12 INFO  : 'ps7_init' command is executed.
20:22:12 INFO  : 'ps7_post_config' command is executed.
20:22:12 INFO  : Context for processor 'ps7_cortexa9_0' is selected.
20:22:12 INFO  : Processor reset is completed for 'ps7_cortexa9_0'.
20:22:12 INFO  : Context for processor 'ps7_cortexa9_0' is selected.
20:22:12 INFO  : The application 'C:/EOS_JV/Project5/Project5.sdk/ExampleC/Debug/ExampleC.elf' is downloaded to processor 'ps7_cortexa9_0'.
20:22:12 INFO  : 'configparams force-mem-access 0' command is executed.
20:22:12 INFO  : ----------------XSDB Script----------------
connect -url tcp:127.0.0.1:3121
source C:/EOS_JV/Project5/Project5.sdk/design_1_wrapper_hw_platform_0/ps7_init.tcl
targets -set -nocase -filter {name =~"APU*" && jtag_cable_name =~ "Avnet MiniZed V1 1234-oj1A"} -index 0
loadhw -hw C:/EOS_JV/Project5/Project5.sdk/design_1_wrapper_hw_platform_0/system.hdf -mem-ranges [list {0x40000000 0xbfffffff}]
configparams force-mem-access 1
targets -set -nocase -filter {name =~"APU*" && jtag_cable_name =~ "Avnet MiniZed V1 1234-oj1A"} -index 0
stop
ps7_init
ps7_post_config
targets -set -nocase -filter {name =~ "ARM*#0" && jtag_cable_name =~ "Avnet MiniZed V1 1234-oj1A"} -index 0
rst -processor
targets -set -nocase -filter {name =~ "ARM*#0" && jtag_cable_name =~ "Avnet MiniZed V1 1234-oj1A"} -index 0
dow C:/EOS_JV/Project5/Project5.sdk/ExampleC/Debug/ExampleC.elf
configparams force-mem-access 0
----------------End of Script----------------

20:22:12 INFO  : Memory regions updated for context APU
20:22:12 INFO  : Context for processor 'ps7_cortexa9_0' is selected.
20:22:12 INFO  : 'con' command is executed.
20:22:12 INFO  : ----------------XSDB Script (After Launch)----------------
targets -set -nocase -filter {name =~ "ARM*#0" && jtag_cable_name =~ "Avnet MiniZed V1 1234-oj1A"} -index 0
con
----------------End of Script----------------

20:22:12 INFO  : Launch script is exported to file 'C:\EOS_JV\Project5\Project5.sdk\.sdk\launch_scripts\xilinx_c-c++_application_(system_debugger)\system_debugger_using_debug_examplec.elf_on_local.tcl'
20:26:07 INFO  : Disconnected from the channel tcfchan#1.
