19:16:12 INFO  : Registering command handlers for SDK TCF services
19:16:14 INFO  : Launching XSCT server: xsct.bat -interactive C:\EOS_JV\Project10\Project10.sdk\temp_xsdb_launch_script.tcl
19:16:17 INFO  : XSCT server has started successfully.
19:16:17 INFO  : Successfully done setting XSCT server connection channel  
19:16:17 INFO  : Processing command line option -hwspec C:/EOS_JV/Project10/Project10.sdk/design_1_wrapper.hdf.
19:16:17 INFO  : Successfully done setting SDK workspace  
19:18:15 ERROR : Failed to closesw "C:/EOS_JV/Project10/Project10.sdk/main_bsp/system.mss"
Reason: Cannot close sw design 'C:/EOS_JV/Project10/Project10.sdk/main_bsp/system.mss'.
Design is not opened in the current session.


19:54:21 INFO  : Connected to target on host '127.0.0.1' and port '3121'.
19:54:22 INFO  : 'targets -set -filter {jtag_cable_name =~ "Avnet MiniZed V1 1234-oj1A" && level==0} -index 1' command is executed.
19:54:24 INFO  : FPGA configured successfully with bitstream "C:/EOS_JV/Project10/Project10.sdk/design_1_wrapper_hw_platform_0/design_1_wrapper.bit"
19:54:35 INFO  : 'targets -set -filter {jtag_cable_name =~ "Avnet MiniZed V1 1234-oj1A" && level==0} -index 1' command is executed.
19:54:35 INFO  : 'fpga -state' command is executed.
19:54:35 INFO  : Connected to target on host '127.0.0.1' and port '3121'.
19:54:36 INFO  : Jtag cable 'Avnet MiniZed V1 1234-oj1A' is selected.
19:54:36 INFO  : 'jtag frequency' command is executed.
19:54:36 INFO  : Sourcing of 'C:/EOS_JV/Project10/Project10.sdk/design_1_wrapper_hw_platform_0/ps7_init.tcl' is done.
19:54:36 INFO  : Context for 'APU' is selected.
19:54:36 INFO  : Hardware design information is loaded from 'C:/EOS_JV/Project10/Project10.sdk/design_1_wrapper_hw_platform_0/system.hdf'.
19:54:36 INFO  : 'configparams force-mem-access 1' command is executed.
19:54:36 INFO  : Context for 'APU' is selected.
19:54:36 INFO  : 'stop' command is executed.
19:54:37 INFO  : 'ps7_init' command is executed.
19:54:37 INFO  : 'ps7_post_config' command is executed.
19:54:37 INFO  : Context for processor 'ps7_cortexa9_0' is selected.
19:54:37 INFO  : Processor reset is completed for 'ps7_cortexa9_0'.
19:54:37 INFO  : Context for processor 'ps7_cortexa9_0' is selected.
19:54:37 INFO  : The application 'C:/EOS_JV/Project10/Project10.sdk/main/Debug/main.elf' is downloaded to processor 'ps7_cortexa9_0'.
19:54:37 INFO  : 'configparams force-mem-access 0' command is executed.
19:54:37 INFO  : ----------------XSDB Script----------------
connect -url tcp:127.0.0.1:3121
source C:/EOS_JV/Project10/Project10.sdk/design_1_wrapper_hw_platform_0/ps7_init.tcl
targets -set -nocase -filter {name =~"APU*" && jtag_cable_name =~ "Avnet MiniZed V1 1234-oj1A"} -index 0
loadhw -hw C:/EOS_JV/Project10/Project10.sdk/design_1_wrapper_hw_platform_0/system.hdf -mem-ranges [list {0x40000000 0xbfffffff}]
configparams force-mem-access 1
targets -set -nocase -filter {name =~"APU*" && jtag_cable_name =~ "Avnet MiniZed V1 1234-oj1A"} -index 0
stop
ps7_init
ps7_post_config
targets -set -nocase -filter {name =~ "ARM*#0" && jtag_cable_name =~ "Avnet MiniZed V1 1234-oj1A"} -index 0
rst -processor
targets -set -nocase -filter {name =~ "ARM*#0" && jtag_cable_name =~ "Avnet MiniZed V1 1234-oj1A"} -index 0
dow C:/EOS_JV/Project10/Project10.sdk/main/Debug/main.elf
configparams force-mem-access 0
----------------End of Script----------------

19:54:37 INFO  : Memory regions updated for context APU
19:54:38 INFO  : Context for processor 'ps7_cortexa9_0' is selected.
19:54:38 INFO  : 'con' command is executed.
19:54:38 INFO  : ----------------XSDB Script (After Launch)----------------
targets -set -nocase -filter {name =~ "ARM*#0" && jtag_cable_name =~ "Avnet MiniZed V1 1234-oj1A"} -index 0
con
----------------End of Script----------------

19:54:38 INFO  : Launch script is exported to file 'C:\EOS_JV\Project10\Project10.sdk\.sdk\launch_scripts\xilinx_c-c++_application_(system_debugger)\system_debugger_using_debug_main.elf_on_local.tcl'
19:55:28 INFO  : Disconnected from the channel tcfchan#1.
19:55:29 INFO  : 'targets -set -filter {jtag_cable_name =~ "Avnet MiniZed V1 1234-oj1A" && level==0} -index 1' command is executed.
19:55:29 INFO  : 'fpga -state' command is executed.
19:55:29 INFO  : Connected to target on host '127.0.0.1' and port '3121'.
19:55:30 INFO  : Jtag cable 'Avnet MiniZed V1 1234-oj1A' is selected.
19:55:30 INFO  : 'jtag frequency' command is executed.
19:55:30 INFO  : Sourcing of 'C:/EOS_JV/Project10/Project10.sdk/design_1_wrapper_hw_platform_0/ps7_init.tcl' is done.
19:55:30 INFO  : Context for 'APU' is selected.
19:55:33 INFO  : Hardware design information is loaded from 'C:/EOS_JV/Project10/Project10.sdk/design_1_wrapper_hw_platform_0/system.hdf'.
19:55:33 INFO  : 'configparams force-mem-access 1' command is executed.
19:55:33 INFO  : Context for 'APU' is selected.
19:55:33 INFO  : 'stop' command is executed.
19:55:33 INFO  : 'ps7_init' command is executed.
19:55:33 INFO  : 'ps7_post_config' command is executed.
19:55:33 INFO  : Context for processor 'ps7_cortexa9_0' is selected.
19:55:33 INFO  : Processor reset is completed for 'ps7_cortexa9_0'.
19:55:33 INFO  : Context for processor 'ps7_cortexa9_0' is selected.
19:55:33 INFO  : The application 'C:/EOS_JV/Project10/Project10.sdk/main/Debug/main.elf' is downloaded to processor 'ps7_cortexa9_0'.
19:55:33 INFO  : 'configparams force-mem-access 0' command is executed.
19:55:33 INFO  : ----------------XSDB Script----------------
connect -url tcp:127.0.0.1:3121
source C:/EOS_JV/Project10/Project10.sdk/design_1_wrapper_hw_platform_0/ps7_init.tcl
targets -set -nocase -filter {name =~"APU*" && jtag_cable_name =~ "Avnet MiniZed V1 1234-oj1A"} -index 0
loadhw -hw C:/EOS_JV/Project10/Project10.sdk/design_1_wrapper_hw_platform_0/system.hdf -mem-ranges [list {0x40000000 0xbfffffff}]
configparams force-mem-access 1
targets -set -nocase -filter {name =~"APU*" && jtag_cable_name =~ "Avnet MiniZed V1 1234-oj1A"} -index 0
stop
ps7_init
ps7_post_config
targets -set -nocase -filter {name =~ "ARM*#0" && jtag_cable_name =~ "Avnet MiniZed V1 1234-oj1A"} -index 0
rst -processor
targets -set -nocase -filter {name =~ "ARM*#0" && jtag_cable_name =~ "Avnet MiniZed V1 1234-oj1A"} -index 0
dow C:/EOS_JV/Project10/Project10.sdk/main/Debug/main.elf
configparams force-mem-access 0
----------------End of Script----------------

19:55:33 INFO  : Memory regions updated for context APU
19:55:34 INFO  : Context for processor 'ps7_cortexa9_0' is selected.
19:55:34 INFO  : 'con' command is executed.
19:55:34 INFO  : ----------------XSDB Script (After Launch)----------------
targets -set -nocase -filter {name =~ "ARM*#0" && jtag_cable_name =~ "Avnet MiniZed V1 1234-oj1A"} -index 0
con
----------------End of Script----------------

19:55:34 INFO  : Launch script is exported to file 'C:\EOS_JV\Project10\Project10.sdk\.sdk\launch_scripts\xilinx_c-c++_application_(system_debugger)\system_debugger_using_debug_main.elf_on_local.tcl'
19:56:42 INFO  : Disconnected from the channel tcfchan#2.
19:56:43 INFO  : 'targets -set -filter {jtag_cable_name =~ "Avnet MiniZed V1 1234-oj1A" && level==0} -index 1' command is executed.
19:56:43 INFO  : 'fpga -state' command is executed.
19:56:43 INFO  : Connected to target on host '127.0.0.1' and port '3121'.
19:56:43 INFO  : Jtag cable 'Avnet MiniZed V1 1234-oj1A' is selected.
19:56:43 INFO  : 'jtag frequency' command is executed.
19:56:43 INFO  : Sourcing of 'C:/EOS_JV/Project10/Project10.sdk/design_1_wrapper_hw_platform_0/ps7_init.tcl' is done.
19:56:43 INFO  : Context for 'APU' is selected.
19:56:46 INFO  : Hardware design information is loaded from 'C:/EOS_JV/Project10/Project10.sdk/design_1_wrapper_hw_platform_0/system.hdf'.
19:56:46 INFO  : 'configparams force-mem-access 1' command is executed.
19:56:46 INFO  : Context for 'APU' is selected.
19:56:46 INFO  : 'stop' command is executed.
19:56:46 INFO  : 'ps7_init' command is executed.
19:56:46 INFO  : 'ps7_post_config' command is executed.
19:56:46 INFO  : Context for processor 'ps7_cortexa9_0' is selected.
19:56:46 INFO  : Processor reset is completed for 'ps7_cortexa9_0'.
19:56:46 INFO  : Context for processor 'ps7_cortexa9_0' is selected.
19:56:46 INFO  : The application 'C:/EOS_JV/Project10/Project10.sdk/main/Debug/main.elf' is downloaded to processor 'ps7_cortexa9_0'.
19:56:46 INFO  : 'configparams force-mem-access 0' command is executed.
19:56:46 INFO  : ----------------XSDB Script----------------
connect -url tcp:127.0.0.1:3121
source C:/EOS_JV/Project10/Project10.sdk/design_1_wrapper_hw_platform_0/ps7_init.tcl
targets -set -nocase -filter {name =~"APU*" && jtag_cable_name =~ "Avnet MiniZed V1 1234-oj1A"} -index 0
loadhw -hw C:/EOS_JV/Project10/Project10.sdk/design_1_wrapper_hw_platform_0/system.hdf -mem-ranges [list {0x40000000 0xbfffffff}]
configparams force-mem-access 1
targets -set -nocase -filter {name =~"APU*" && jtag_cable_name =~ "Avnet MiniZed V1 1234-oj1A"} -index 0
stop
ps7_init
ps7_post_config
targets -set -nocase -filter {name =~ "ARM*#0" && jtag_cable_name =~ "Avnet MiniZed V1 1234-oj1A"} -index 0
rst -processor
targets -set -nocase -filter {name =~ "ARM*#0" && jtag_cable_name =~ "Avnet MiniZed V1 1234-oj1A"} -index 0
dow C:/EOS_JV/Project10/Project10.sdk/main/Debug/main.elf
configparams force-mem-access 0
----------------End of Script----------------

19:56:47 INFO  : Memory regions updated for context APU
19:56:47 INFO  : Context for processor 'ps7_cortexa9_0' is selected.
19:56:47 INFO  : 'con' command is executed.
19:56:47 INFO  : ----------------XSDB Script (After Launch)----------------
targets -set -nocase -filter {name =~ "ARM*#0" && jtag_cable_name =~ "Avnet MiniZed V1 1234-oj1A"} -index 0
con
----------------End of Script----------------

19:56:47 INFO  : Launch script is exported to file 'C:\EOS_JV\Project10\Project10.sdk\.sdk\launch_scripts\xilinx_c-c++_application_(system_debugger)\system_debugger_using_debug_main.elf_on_local.tcl'
19:59:05 INFO  : Disconnected from the channel tcfchan#3.
19:59:06 INFO  : 'targets -set -filter {jtag_cable_name =~ "Avnet MiniZed V1 1234-oj1A" && level==0} -index 1' command is executed.
19:59:06 INFO  : 'fpga -state' command is executed.
19:59:06 INFO  : Connected to target on host '127.0.0.1' and port '3121'.
19:59:07 INFO  : Jtag cable 'Avnet MiniZed V1 1234-oj1A' is selected.
19:59:07 INFO  : 'jtag frequency' command is executed.
19:59:07 INFO  : Sourcing of 'C:/EOS_JV/Project10/Project10.sdk/design_1_wrapper_hw_platform_0/ps7_init.tcl' is done.
19:59:07 INFO  : Context for 'APU' is selected.
19:59:09 INFO  : Hardware design information is loaded from 'C:/EOS_JV/Project10/Project10.sdk/design_1_wrapper_hw_platform_0/system.hdf'.
19:59:09 INFO  : 'configparams force-mem-access 1' command is executed.
19:59:09 INFO  : Context for 'APU' is selected.
19:59:09 INFO  : 'stop' command is executed.
19:59:10 INFO  : 'ps7_init' command is executed.
19:59:10 INFO  : 'ps7_post_config' command is executed.
19:59:10 INFO  : Context for processor 'ps7_cortexa9_0' is selected.
19:59:10 INFO  : Processor reset is completed for 'ps7_cortexa9_0'.
19:59:10 INFO  : Context for processor 'ps7_cortexa9_0' is selected.
19:59:10 INFO  : The application 'C:/EOS_JV/Project10/Project10.sdk/main/Debug/main.elf' is downloaded to processor 'ps7_cortexa9_0'.
19:59:10 INFO  : 'configparams force-mem-access 0' command is executed.
19:59:10 INFO  : ----------------XSDB Script----------------
connect -url tcp:127.0.0.1:3121
source C:/EOS_JV/Project10/Project10.sdk/design_1_wrapper_hw_platform_0/ps7_init.tcl
targets -set -nocase -filter {name =~"APU*" && jtag_cable_name =~ "Avnet MiniZed V1 1234-oj1A"} -index 0
loadhw -hw C:/EOS_JV/Project10/Project10.sdk/design_1_wrapper_hw_platform_0/system.hdf -mem-ranges [list {0x40000000 0xbfffffff}]
configparams force-mem-access 1
targets -set -nocase -filter {name =~"APU*" && jtag_cable_name =~ "Avnet MiniZed V1 1234-oj1A"} -index 0
stop
ps7_init
ps7_post_config
targets -set -nocase -filter {name =~ "ARM*#0" && jtag_cable_name =~ "Avnet MiniZed V1 1234-oj1A"} -index 0
rst -processor
targets -set -nocase -filter {name =~ "ARM*#0" && jtag_cable_name =~ "Avnet MiniZed V1 1234-oj1A"} -index 0
dow C:/EOS_JV/Project10/Project10.sdk/main/Debug/main.elf
configparams force-mem-access 0
----------------End of Script----------------

19:59:10 INFO  : Memory regions updated for context APU
19:59:10 INFO  : Context for processor 'ps7_cortexa9_0' is selected.
19:59:10 INFO  : 'con' command is executed.
19:59:10 INFO  : ----------------XSDB Script (After Launch)----------------
targets -set -nocase -filter {name =~ "ARM*#0" && jtag_cable_name =~ "Avnet MiniZed V1 1234-oj1A"} -index 0
con
----------------End of Script----------------

19:59:10 INFO  : Launch script is exported to file 'C:\EOS_JV\Project10\Project10.sdk\.sdk\launch_scripts\xilinx_c-c++_application_(system_debugger)\system_debugger_using_debug_main.elf_on_local.tcl'
20:04:55 INFO  : Disconnected from the channel tcfchan#4.
20:04:56 INFO  : 'targets -set -filter {jtag_cable_name =~ "Avnet MiniZed V1 1234-oj1A" && level==0} -index 1' command is executed.
20:04:56 INFO  : 'fpga -state' command is executed.
20:04:56 INFO  : Connected to target on host '127.0.0.1' and port '3121'.
20:04:57 INFO  : Jtag cable 'Avnet MiniZed V1 1234-oj1A' is selected.
20:04:57 INFO  : 'jtag frequency' command is executed.
20:04:57 INFO  : Sourcing of 'C:/EOS_JV/Project10/Project10.sdk/design_1_wrapper_hw_platform_0/ps7_init.tcl' is done.
20:04:57 INFO  : Context for 'APU' is selected.
20:05:00 INFO  : Hardware design information is loaded from 'C:/EOS_JV/Project10/Project10.sdk/design_1_wrapper_hw_platform_0/system.hdf'.
20:05:00 INFO  : 'configparams force-mem-access 1' command is executed.
20:05:00 INFO  : Context for 'APU' is selected.
20:05:00 INFO  : 'stop' command is executed.
20:05:00 INFO  : 'ps7_init' command is executed.
20:05:00 INFO  : 'ps7_post_config' command is executed.
20:05:00 INFO  : Context for processor 'ps7_cortexa9_0' is selected.
20:05:00 INFO  : Processor reset is completed for 'ps7_cortexa9_0'.
20:05:00 INFO  : Context for processor 'ps7_cortexa9_0' is selected.
20:05:01 INFO  : The application 'C:/EOS_JV/Project10/Project10.sdk/main/Debug/main.elf' is downloaded to processor 'ps7_cortexa9_0'.
20:05:01 INFO  : 'configparams force-mem-access 0' command is executed.
20:05:01 INFO  : ----------------XSDB Script----------------
connect -url tcp:127.0.0.1:3121
source C:/EOS_JV/Project10/Project10.sdk/design_1_wrapper_hw_platform_0/ps7_init.tcl
targets -set -nocase -filter {name =~"APU*" && jtag_cable_name =~ "Avnet MiniZed V1 1234-oj1A"} -index 0
loadhw -hw C:/EOS_JV/Project10/Project10.sdk/design_1_wrapper_hw_platform_0/system.hdf -mem-ranges [list {0x40000000 0xbfffffff}]
configparams force-mem-access 1
targets -set -nocase -filter {name =~"APU*" && jtag_cable_name =~ "Avnet MiniZed V1 1234-oj1A"} -index 0
stop
ps7_init
ps7_post_config
targets -set -nocase -filter {name =~ "ARM*#0" && jtag_cable_name =~ "Avnet MiniZed V1 1234-oj1A"} -index 0
rst -processor
targets -set -nocase -filter {name =~ "ARM*#0" && jtag_cable_name =~ "Avnet MiniZed V1 1234-oj1A"} -index 0
dow C:/EOS_JV/Project10/Project10.sdk/main/Debug/main.elf
configparams force-mem-access 0
----------------End of Script----------------

20:05:01 INFO  : Memory regions updated for context APU
20:05:01 INFO  : Context for processor 'ps7_cortexa9_0' is selected.
20:05:01 INFO  : 'con' command is executed.
20:05:01 INFO  : ----------------XSDB Script (After Launch)----------------
targets -set -nocase -filter {name =~ "ARM*#0" && jtag_cable_name =~ "Avnet MiniZed V1 1234-oj1A"} -index 0
con
----------------End of Script----------------

20:05:01 INFO  : Launch script is exported to file 'C:\EOS_JV\Project10\Project10.sdk\.sdk\launch_scripts\xilinx_c-c++_application_(system_debugger)\system_debugger_using_debug_main.elf_on_local.tcl'
20:06:05 INFO  : Disconnected from the channel tcfchan#5.
20:06:07 INFO  : 'targets -set -filter {jtag_cable_name =~ "Avnet MiniZed V1 1234-oj1A" && level==0} -index 1' command is executed.
20:06:07 INFO  : 'fpga -state' command is executed.
20:06:07 INFO  : Connected to target on host '127.0.0.1' and port '3121'.
20:06:07 INFO  : Jtag cable 'Avnet MiniZed V1 1234-oj1A' is selected.
20:06:07 INFO  : 'jtag frequency' command is executed.
20:06:07 INFO  : Sourcing of 'C:/EOS_JV/Project10/Project10.sdk/design_1_wrapper_hw_platform_0/ps7_init.tcl' is done.
20:06:07 INFO  : Context for 'APU' is selected.
20:06:10 INFO  : Hardware design information is loaded from 'C:/EOS_JV/Project10/Project10.sdk/design_1_wrapper_hw_platform_0/system.hdf'.
20:06:10 INFO  : 'configparams force-mem-access 1' command is executed.
20:06:10 INFO  : Context for 'APU' is selected.
20:06:10 INFO  : 'stop' command is executed.
20:06:10 INFO  : 'ps7_init' command is executed.
20:06:10 INFO  : 'ps7_post_config' command is executed.
20:06:10 INFO  : Context for processor 'ps7_cortexa9_0' is selected.
20:06:10 INFO  : Processor reset is completed for 'ps7_cortexa9_0'.
20:06:10 INFO  : Context for processor 'ps7_cortexa9_0' is selected.
20:06:10 INFO  : The application 'C:/EOS_JV/Project10/Project10.sdk/main/Debug/main.elf' is downloaded to processor 'ps7_cortexa9_0'.
20:06:10 INFO  : 'configparams force-mem-access 0' command is executed.
20:06:10 INFO  : ----------------XSDB Script----------------
connect -url tcp:127.0.0.1:3121
source C:/EOS_JV/Project10/Project10.sdk/design_1_wrapper_hw_platform_0/ps7_init.tcl
targets -set -nocase -filter {name =~"APU*" && jtag_cable_name =~ "Avnet MiniZed V1 1234-oj1A"} -index 0
loadhw -hw C:/EOS_JV/Project10/Project10.sdk/design_1_wrapper_hw_platform_0/system.hdf -mem-ranges [list {0x40000000 0xbfffffff}]
configparams force-mem-access 1
targets -set -nocase -filter {name =~"APU*" && jtag_cable_name =~ "Avnet MiniZed V1 1234-oj1A"} -index 0
stop
ps7_init
ps7_post_config
targets -set -nocase -filter {name =~ "ARM*#0" && jtag_cable_name =~ "Avnet MiniZed V1 1234-oj1A"} -index 0
rst -processor
targets -set -nocase -filter {name =~ "ARM*#0" && jtag_cable_name =~ "Avnet MiniZed V1 1234-oj1A"} -index 0
dow C:/EOS_JV/Project10/Project10.sdk/main/Debug/main.elf
configparams force-mem-access 0
----------------End of Script----------------

20:06:11 INFO  : Memory regions updated for context APU
20:06:11 INFO  : Context for processor 'ps7_cortexa9_0' is selected.
20:06:11 INFO  : 'con' command is executed.
20:06:11 INFO  : ----------------XSDB Script (After Launch)----------------
targets -set -nocase -filter {name =~ "ARM*#0" && jtag_cable_name =~ "Avnet MiniZed V1 1234-oj1A"} -index 0
con
----------------End of Script----------------

20:06:11 INFO  : Launch script is exported to file 'C:\EOS_JV\Project10\Project10.sdk\.sdk\launch_scripts\xilinx_c-c++_application_(system_debugger)\system_debugger_using_debug_main.elf_on_local.tcl'
20:07:10 INFO  : Disconnected from the channel tcfchan#6.
20:07:11 INFO  : 'targets -set -filter {jtag_cable_name =~ "Avnet MiniZed V1 1234-oj1A" && level==0} -index 1' command is executed.
20:07:11 INFO  : 'fpga -state' command is executed.
20:07:11 INFO  : Connected to target on host '127.0.0.1' and port '3121'.
20:07:11 INFO  : Jtag cable 'Avnet MiniZed V1 1234-oj1A' is selected.
20:07:11 INFO  : 'jtag frequency' command is executed.
20:07:11 INFO  : Sourcing of 'C:/EOS_JV/Project10/Project10.sdk/design_1_wrapper_hw_platform_0/ps7_init.tcl' is done.
20:07:11 INFO  : Context for 'APU' is selected.
20:07:14 INFO  : Hardware design information is loaded from 'C:/EOS_JV/Project10/Project10.sdk/design_1_wrapper_hw_platform_0/system.hdf'.
20:07:14 INFO  : 'configparams force-mem-access 1' command is executed.
20:07:14 INFO  : Context for 'APU' is selected.
20:07:14 INFO  : 'stop' command is executed.
20:07:15 INFO  : 'ps7_init' command is executed.
20:07:15 INFO  : 'ps7_post_config' command is executed.
20:07:15 INFO  : Context for processor 'ps7_cortexa9_0' is selected.
20:07:15 INFO  : Processor reset is completed for 'ps7_cortexa9_0'.
20:07:15 INFO  : Context for processor 'ps7_cortexa9_0' is selected.
20:07:15 INFO  : The application 'C:/EOS_JV/Project10/Project10.sdk/main/Debug/main.elf' is downloaded to processor 'ps7_cortexa9_0'.
20:07:15 INFO  : 'configparams force-mem-access 0' command is executed.
20:07:15 INFO  : ----------------XSDB Script----------------
connect -url tcp:127.0.0.1:3121
source C:/EOS_JV/Project10/Project10.sdk/design_1_wrapper_hw_platform_0/ps7_init.tcl
targets -set -nocase -filter {name =~"APU*" && jtag_cable_name =~ "Avnet MiniZed V1 1234-oj1A"} -index 0
loadhw -hw C:/EOS_JV/Project10/Project10.sdk/design_1_wrapper_hw_platform_0/system.hdf -mem-ranges [list {0x40000000 0xbfffffff}]
configparams force-mem-access 1
targets -set -nocase -filter {name =~"APU*" && jtag_cable_name =~ "Avnet MiniZed V1 1234-oj1A"} -index 0
stop
ps7_init
ps7_post_config
targets -set -nocase -filter {name =~ "ARM*#0" && jtag_cable_name =~ "Avnet MiniZed V1 1234-oj1A"} -index 0
rst -processor
targets -set -nocase -filter {name =~ "ARM*#0" && jtag_cable_name =~ "Avnet MiniZed V1 1234-oj1A"} -index 0
dow C:/EOS_JV/Project10/Project10.sdk/main/Debug/main.elf
configparams force-mem-access 0
----------------End of Script----------------

20:07:15 INFO  : Memory regions updated for context APU
20:07:15 INFO  : Context for processor 'ps7_cortexa9_0' is selected.
20:07:15 INFO  : 'con' command is executed.
20:07:15 INFO  : ----------------XSDB Script (After Launch)----------------
targets -set -nocase -filter {name =~ "ARM*#0" && jtag_cable_name =~ "Avnet MiniZed V1 1234-oj1A"} -index 0
con
----------------End of Script----------------

20:07:15 INFO  : Launch script is exported to file 'C:\EOS_JV\Project10\Project10.sdk\.sdk\launch_scripts\xilinx_c-c++_application_(system_debugger)\system_debugger_using_debug_main.elf_on_local.tcl'
20:08:21 INFO  : Disconnected from the channel tcfchan#7.
